{"C:\\Users\\llere\\OneDrive\\Escritorio\\pichangaGo\\pichangago-frontend\\src\\components\\AuthModal.jsx": {"path":"C:\\Users\\llere\\OneDrive\\Escritorio\\pichangaGo\\pichangago-frontend\\src\\components\\AuthModal.jsx","statementMap":{"0":{"start":{"line":4,"column":16},"end":{"line":4,"column":null}},"1":{"start":{"line":6,"column":6},"end":{"line":209,"column":null}},"2":{"start":{"line":7,"column":19},"end":{"line":7,"column":51}},"3":{"start":{"line":8,"column":15},"end":{"line":8,"column":45}},"4":{"start":{"line":10,"column":16},"end":{"line":10,"column":40}},"5":{"start":{"line":11,"column":19},"end":{"line":11,"column":46}},"6":{"start":{"line":12,"column":17},"end":{"line":12,"column":42}},"7":{"start":{"line":13,"column":19},"end":{"line":13,"column":46}},"8":{"start":{"line":14,"column":19},"end":{"line":14,"column":46}},"9":{"start":{"line":15,"column":20},"end":{"line":15,"column":51}},"10":{"start":{"line":16,"column":23},"end":{"line":16,"column":54}},"11":{"start":{"line":17,"column":25},"end":{"line":17,"column":58}},"12":{"start":{"line":18,"column":24},"end":{"line":18,"column":55}},"13":{"start":{"line":19,"column":20},"end":{"line":19,"column":51}},"14":{"start":{"line":21,"column":2},"end":{"line":26,"column":null}},"15":{"start":{"line":22,"column":4},"end":{"line":22,"column":null}},"16":{"start":{"line":22,"column":17},"end":{"line":22,"column":null}},"17":{"start":{"line":23,"column":10},"end":{"line":23,"column":null}},"18":{"start":{"line":23,"column":31},"end":{"line":23,"column":null}},"19":{"start":{"line":23,"column":55},"end":{"line":23,"column":null}},"20":{"start":{"line":24,"column":4},"end":{"line":24,"column":null}},"21":{"start":{"line":25,"column":4},"end":{"line":25,"column":null}},"22":{"start":{"line":25,"column":17},"end":{"line":25,"column":65}},"23":{"start":{"line":28,"column":2},"end":{"line":28,"column":null}},"24":{"start":{"line":28,"column":15},"end":{"line":28,"column":null}},"25":{"start":{"line":30,"column":23},"end":{"line":84,"column":null}},"26":{"start":{"line":31,"column":4},"end":{"line":31,"column":null}},"27":{"start":{"line":32,"column":4},"end":{"line":32,"column":null}},"28":{"start":{"line":32,"column":19},"end":{"line":32,"column":null}},"29":{"start":{"line":33,"column":4},"end":{"line":33,"column":null}},"30":{"start":{"line":34,"column":4},"end":{"line":34,"column":null}},"31":{"start":{"line":35,"column":4},"end":{"line":35,"column":null}},"32":{"start":{"line":37,"column":4},"end":{"line":84,"column":null}},"33":{"start":{"line":38,"column":6},"end":{"line":67,"column":null}},"34":{"start":{"line":39,"column":25},"end":{"line":39,"column":65}},"35":{"start":{"line":40,"column":8},"end":{"line":40,"column":null}},"36":{"start":{"line":41,"column":8},"end":{"line":45,"column":null}},"37":{"start":{"line":46,"column":8},"end":{"line":46,"column":null}},"38":{"start":{"line":47,"column":17},"end":{"line":67,"column":null}},"39":{"start":{"line":48,"column":8},"end":{"line":48,"column":null}},"40":{"start":{"line":49,"column":30},"end":{"line":49,"column":70}},"41":{"start":{"line":50,"column":8},"end":{"line":54,"column":null}},"42":{"start":{"line":55,"column":8},"end":{"line":55,"column":null}},"43":{"start":{"line":56,"column":17},"end":{"line":67,"column":null}},"44":{"start":{"line":57,"column":25},"end":{"line":61,"column":10}},"45":{"start":{"line":62,"column":21},"end":{"line":62,"column":42}},"46":{"start":{"line":64,"column":8},"end":{"line":64,"column":null}},"47":{"start":{"line":64,"column":26},"end":{"line":64,"column":null}},"48":{"start":{"line":66,"column":8},"end":{"line":66,"column":null}},"49":{"start":{"line":67,"column":8},"end":{"line":67,"column":null}},"50":{"start":{"line":70,"column":18},"end":{"line":70,"column":null}},"51":{"start":{"line":71,"column":6},"end":{"line":81,"column":null}},"52":{"start":{"line":72,"column":8},"end":{"line":78,"column":null}},"53":{"start":{"line":73,"column":10},"end":{"line":73,"column":null}},"54":{"start":{"line":74,"column":10},"end":{"line":74,"column":null}},"55":{"start":{"line":76,"column":30},"end":{"line":76,"column":60}},"56":{"start":{"line":77,"column":10},"end":{"line":77,"column":null}},"57":{"start":{"line":78,"column":10},"end":{"line":78,"column":null}},"58":{"start":{"line":81,"column":8},"end":{"line":81,"column":null}},"59":{"start":{"line":84,"column":6},"end":{"line":84,"column":null}},"60":{"start":{"line":88,"column":2},"end":{"line":209,"column":null}},"61":{"start":{"line":103,"column":31},"end":{"line":103,"column":53}},"62":{"start":{"line":103,"column":53},"end":{"line":103,"column":74}},"63":{"start":{"line":103,"column":74},"end":{"line":103,"column":97}},"64":{"start":{"line":103,"column":97},"end":{"line":103,"column":null}},"65":{"start":{"line":110,"column":31},"end":{"line":110,"column":56}},"66":{"start":{"line":110,"column":56},"end":{"line":110,"column":77}},"67":{"start":{"line":110,"column":77},"end":{"line":110,"column":100}},"68":{"start":{"line":110,"column":100},"end":{"line":110,"column":null}},"69":{"start":{"line":121,"column":49},"end":{"line":121,"column":67}},"70":{"start":{"line":124,"column":49},"end":{"line":124,"column":65}},"71":{"start":{"line":148,"column":162},"end":{"line":148,"column":187}},"72":{"start":{"line":152,"column":162},"end":{"line":152,"column":189}},"73":{"start":{"line":156,"column":170},"end":{"line":156,"column":197}},"74":{"start":{"line":165,"column":176},"end":{"line":165,"column":200}},"75":{"start":{"line":175,"column":37},"end":{"line":175,"column":60}},"76":{"start":{"line":175,"column":60},"end":{"line":175,"column":81}},"77":{"start":{"line":175,"column":81},"end":{"line":175,"column":104}},"78":{"start":{"line":175,"column":104},"end":{"line":175,"column":null}},"79":{"start":{"line":182,"column":204},"end":{"line":182,"column":231}},"80":{"start":{"line":200,"column":31},"end":{"line":200,"column":53}},"81":{"start":{"line":200,"column":53},"end":{"line":200,"column":74}},"82":{"start":{"line":200,"column":74},"end":{"line":200,"column":97}},"83":{"start":{"line":200,"column":97},"end":{"line":200,"column":null}}},"fnMap":{"0":{"name":"(anonymous_0)","decl":{"start":{"line":6,"column":6},"end":{"line":6,"column":19}},"loc":{"start":{"line":6,"column":52},"end":{"line":209,"column":null}},"line":6},"1":{"name":"(anonymous_1)","decl":{"start":{"line":21,"column":2},"end":{"line":21,"column":18}},"loc":{"start":{"line":21,"column":18},"end":{"line":26,"column":6}},"line":21},"2":{"name":"(anonymous_2)","decl":{"start":{"line":23,"column":10},"end":{"line":23,"column":23}},"loc":{"start":{"line":23,"column":29},"end":{"line":23,"column":null}},"line":23},"3":{"name":"(anonymous_3)","decl":{"start":{"line":25,"column":4},"end":{"line":25,"column":17}},"loc":{"start":{"line":25,"column":17},"end":{"line":25,"column":65}},"line":25},"4":{"name":"(anonymous_4)","decl":{"start":{"line":30,"column":23},"end":{"line":30,"column":30}},"loc":{"start":{"line":30,"column":36},"end":{"line":84,"column":null}},"line":30},"5":{"name":"(anonymous_5)","decl":{"start":{"line":103,"column":14},"end":{"line":103,"column":29}},"loc":{"start":{"line":103,"column":29},"end":{"line":103,"column":null}},"line":103},"6":{"name":"(anonymous_6)","decl":{"start":{"line":110,"column":14},"end":{"line":110,"column":29}},"loc":{"start":{"line":110,"column":29},"end":{"line":110,"column":null}},"line":110},"7":{"name":"(anonymous_7)","decl":{"start":{"line":121,"column":34},"end":{"line":121,"column":49}},"loc":{"start":{"line":121,"column":49},"end":{"line":121,"column":67}},"line":121},"8":{"name":"(anonymous_8)","decl":{"start":{"line":124,"column":34},"end":{"line":124,"column":49}},"loc":{"start":{"line":124,"column":49},"end":{"line":124,"column":65}},"line":124},"9":{"name":"(anonymous_9)","decl":{"start":{"line":148,"column":145},"end":{"line":148,"column":156}},"loc":{"start":{"line":148,"column":162},"end":{"line":148,"column":187}},"line":148},"10":{"name":"(anonymous_10)","decl":{"start":{"line":152,"column":145},"end":{"line":152,"column":156}},"loc":{"start":{"line":152,"column":162},"end":{"line":152,"column":189}},"line":152},"11":{"name":"(anonymous_11)","decl":{"start":{"line":156,"column":153},"end":{"line":156,"column":164}},"loc":{"start":{"line":156,"column":170},"end":{"line":156,"column":197}},"line":156},"12":{"name":"(anonymous_12)","decl":{"start":{"line":165,"column":159},"end":{"line":165,"column":170}},"loc":{"start":{"line":165,"column":176},"end":{"line":165,"column":200}},"line":165},"13":{"name":"(anonymous_13)","decl":{"start":{"line":175,"column":20},"end":{"line":175,"column":35}},"loc":{"start":{"line":175,"column":35},"end":{"line":175,"column":null}},"line":175},"14":{"name":"(anonymous_14)","decl":{"start":{"line":182,"column":187},"end":{"line":182,"column":198}},"loc":{"start":{"line":182,"column":204},"end":{"line":182,"column":231}},"line":182},"15":{"name":"(anonymous_15)","decl":{"start":{"line":200,"column":14},"end":{"line":200,"column":29}},"loc":{"start":{"line":200,"column":29},"end":{"line":200,"column":null}},"line":200}},"branchMap":{"0":{"loc":{"start":{"line":4,"column":16},"end":{"line":4,"column":null}},"type":"binary-expr","locations":[{"start":{"line":4,"column":16},"end":{"line":4,"column":48}},{"start":{"line":4,"column":48},"end":{"line":4,"column":null}}],"line":4},"1":{"loc":{"start":{"line":22,"column":4},"end":{"line":22,"column":null}},"type":"if","locations":[{"start":{"line":22,"column":4},"end":{"line":22,"column":null}},{"start":{},"end":{}}],"line":22},"2":{"loc":{"start":{"line":23,"column":31},"end":{"line":23,"column":null}},"type":"if","locations":[{"start":{"line":23,"column":31},"end":{"line":23,"column":null}},{"start":{},"end":{}}],"line":23},"3":{"loc":{"start":{"line":28,"column":2},"end":{"line":28,"column":null}},"type":"if","locations":[{"start":{"line":28,"column":2},"end":{"line":28,"column":null}},{"start":{},"end":{}}],"line":28},"4":{"loc":{"start":{"line":32,"column":4},"end":{"line":32,"column":null}},"type":"if","locations":[{"start":{"line":32,"column":4},"end":{"line":32,"column":null}},{"start":{},"end":{}}],"line":32},"5":{"loc":{"start":{"line":38,"column":6},"end":{"line":67,"column":null}},"type":"if","locations":[{"start":{"line":38,"column":6},"end":{"line":67,"column":null}},{"start":{"line":47,"column":17},"end":{"line":67,"column":null}}],"line":38},"6":{"loc":{"start":{"line":47,"column":17},"end":{"line":67,"column":null}},"type":"if","locations":[{"start":{"line":47,"column":17},"end":{"line":67,"column":null}},{"start":{"line":56,"column":17},"end":{"line":67,"column":null}}],"line":47},"7":{"loc":{"start":{"line":56,"column":17},"end":{"line":67,"column":null}},"type":"if","locations":[{"start":{"line":56,"column":17},"end":{"line":67,"column":null}},{"start":{},"end":{}}],"line":56},"8":{"loc":{"start":{"line":64,"column":8},"end":{"line":64,"column":null}},"type":"if","locations":[{"start":{"line":64,"column":8},"end":{"line":64,"column":null}},{"start":{},"end":{}}],"line":64},"9":{"loc":{"start":{"line":64,"column":42},"end":{"line":64,"column":89}},"type":"binary-expr","locations":[{"start":{"line":64,"column":42},"end":{"line":64,"column":56}},{"start":{"line":64,"column":56},"end":{"line":64,"column":89}}],"line":64},"10":{"loc":{"start":{"line":70,"column":18},"end":{"line":70,"column":null}},"type":"binary-expr","locations":[{"start":{"line":70,"column":18},"end":{"line":70,"column":35}},{"start":{"line":70,"column":35},"end":{"line":70,"column":null}}],"line":70},"11":{"loc":{"start":{"line":71,"column":6},"end":{"line":81,"column":null}},"type":"if","locations":[{"start":{"line":71,"column":6},"end":{"line":81,"column":null}},{"start":{"line":80,"column":13},"end":{"line":81,"column":null}}],"line":71},"12":{"loc":{"start":{"line":72,"column":8},"end":{"line":78,"column":null}},"type":"if","locations":[{"start":{"line":72,"column":8},"end":{"line":78,"column":null}},{"start":{"line":75,"column":15},"end":{"line":78,"column":null}}],"line":72},"13":{"loc":{"start":{"line":78,"column":26},"end":{"line":78,"column":99}},"type":"cond-expr","locations":[{"start":{"line":78,"column":45},"end":{"line":78,"column":87}},{"start":{"line":78,"column":87},"end":{"line":78,"column":99}}],"line":78},"14":{"loc":{"start":{"line":89,"column":53},"end":{"line":89,"column":162}},"type":"cond-expr","locations":[{"start":{"line":89,"column":77},"end":{"line":89,"column":102}},{"start":{"line":89,"column":102},"end":{"line":89,"column":162}}],"line":89},"15":{"loc":{"start":{"line":89,"column":102},"end":{"line":89,"column":162}},"type":"cond-expr","locations":[{"start":{"line":89,"column":128},"end":{"line":89,"column":144}},{"start":{"line":89,"column":144},"end":{"line":89,"column":162}}],"line":89},"16":{"loc":{"start":{"line":95,"column":11},"end":{"line":95,"column":null}},"type":"cond-expr","locations":[{"start":{"line":95,"column":35},"end":{"line":95,"column":60}},{"start":{"line":95,"column":60},"end":{"line":95,"column":null}}],"line":95},"17":{"loc":{"start":{"line":99,"column":9},"end":{"line":114,"column":null}},"type":"binary-expr","locations":[{"start":{"line":99,"column":9},"end":{"line":99,"column":null}},{"start":{"line":100,"column":10},"end":{"line":114,"column":null}}],"line":99},"18":{"loc":{"start":{"line":104,"column":134},"end":{"line":104,"column":180}},"type":"cond-expr","locations":[{"start":{"line":104,"column":157},"end":{"line":104,"column":169}},{"start":{"line":104,"column":169},"end":{"line":104,"column":180}}],"line":104},"19":{"loc":{"start":{"line":104,"column":194},"end":{"line":104,"column":247}},"type":"cond-expr","locations":[{"start":{"line":104,"column":217},"end":{"line":104,"column":239}},{"start":{"line":104,"column":239},"end":{"line":104,"column":247}}],"line":104},"20":{"loc":{"start":{"line":111,"column":134},"end":{"line":111,"column":183}},"type":"cond-expr","locations":[{"start":{"line":111,"column":160},"end":{"line":111,"column":172}},{"start":{"line":111,"column":172},"end":{"line":111,"column":183}}],"line":111},"21":{"loc":{"start":{"line":111,"column":197},"end":{"line":111,"column":253}},"type":"cond-expr","locations":[{"start":{"line":111,"column":223},"end":{"line":111,"column":245}},{"start":{"line":111,"column":245},"end":{"line":111,"column":253}}],"line":111},"22":{"loc":{"start":{"line":119,"column":9},"end":{"line":126,"column":null}},"type":"binary-expr","locations":[{"start":{"line":119,"column":9},"end":{"line":119,"column":null}},{"start":{"line":120,"column":10},"end":{"line":126,"column":null}}],"line":119},"23":{"loc":{"start":{"line":121,"column":153},"end":{"line":121,"column":217}},"type":"cond-expr","locations":[{"start":{"line":121,"column":174},"end":{"line":121,"column":196}},{"start":{"line":121,"column":196},"end":{"line":121,"column":217}}],"line":121},"24":{"loc":{"start":{"line":121,"column":234},"end":{"line":121,"column":276}},"type":"cond-expr","locations":[{"start":{"line":121,"column":255},"end":{"line":121,"column":267}},{"start":{"line":121,"column":267},"end":{"line":121,"column":276}}],"line":121},"25":{"loc":{"start":{"line":124,"column":151},"end":{"line":124,"column":213}},"type":"cond-expr","locations":[{"start":{"line":124,"column":170},"end":{"line":124,"column":192}},{"start":{"line":124,"column":192},"end":{"line":124,"column":213}}],"line":124},"26":{"loc":{"start":{"line":124,"column":230},"end":{"line":124,"column":270}},"type":"cond-expr","locations":[{"start":{"line":124,"column":249},"end":{"line":124,"column":261}},{"start":{"line":124,"column":261},"end":{"line":124,"column":270}}],"line":124},"27":{"loc":{"start":{"line":130,"column":171},"end":{"line":130,"column":208}},"type":"binary-expr","locations":[{"start":{"line":130,"column":171},"end":{"line":130,"column":187}},{"start":{"line":130,"column":187},"end":{"line":130,"column":208}}],"line":130},"28":{"loc":{"start":{"line":131,"column":9},"end":{"line":134,"column":null}},"type":"binary-expr","locations":[{"start":{"line":131,"column":9},"end":{"line":131,"column":null}},{"start":{"line":132,"column":10},"end":{"line":134,"column":null}}],"line":131},"29":{"loc":{"start":{"line":136,"column":9},"end":{"line":139,"column":null}},"type":"binary-expr","locations":[{"start":{"line":136,"column":9},"end":{"line":136,"column":null}},{"start":{"line":137,"column":10},"end":{"line":139,"column":null}}],"line":136},"30":{"loc":{"start":{"line":144,"column":11},"end":{"line":158,"column":null}},"type":"binary-expr","locations":[{"start":{"line":144,"column":11},"end":{"line":144,"column":null}},{"start":{"line":145,"column":12},"end":{"line":158,"column":null}}],"line":144},"31":{"loc":{"start":{"line":168,"column":11},"end":{"line":184,"column":null}},"type":"binary-expr","locations":[{"start":{"line":168,"column":11},"end":{"line":168,"column":null}},{"start":{"line":169,"column":12},"end":{"line":184,"column":null}}],"line":168},"32":{"loc":{"start":{"line":173,"column":17},"end":{"line":179,"column":null}},"type":"binary-expr","locations":[{"start":{"line":173,"column":17},"end":{"line":173,"column":null}},{"start":{"line":174,"column":18},"end":{"line":179,"column":null}}],"line":173},"33":{"loc":{"start":{"line":183,"column":15},"end":{"line":183,"column":null}},"type":"binary-expr","locations":[{"start":{"line":183,"column":15},"end":{"line":183,"column":42}},{"start":{"line":183,"column":42},"end":{"line":183,"column":null}}],"line":183},"34":{"loc":{"start":{"line":187,"column":42},"end":{"line":187,"column":66}},"type":"binary-expr","locations":[{"start":{"line":187,"column":42},"end":{"line":187,"column":55}},{"start":{"line":187,"column":55},"end":{"line":187,"column":66}}],"line":187},"35":{"loc":{"start":{"line":187,"column":162},"end":{"line":187,"column":210}},"type":"cond-expr","locations":[{"start":{"line":187,"column":187},"end":{"line":187,"column":199}},{"start":{"line":187,"column":199},"end":{"line":187,"column":210}}],"line":187},"36":{"loc":{"start":{"line":187,"column":162},"end":{"line":187,"column":187}},"type":"binary-expr","locations":[{"start":{"line":187,"column":162},"end":{"line":187,"column":175}},{"start":{"line":187,"column":175},"end":{"line":187,"column":187}}],"line":187},"37":{"loc":{"start":{"line":187,"column":251},"end":{"line":187,"column":303}},"type":"cond-expr","locations":[{"start":{"line":187,"column":276},"end":{"line":187,"column":292}},{"start":{"line":187,"column":292},"end":{"line":187,"column":303}}],"line":187},"38":{"loc":{"start":{"line":187,"column":251},"end":{"line":187,"column":276}},"type":"binary-expr","locations":[{"start":{"line":187,"column":251},"end":{"line":187,"column":264}},{"start":{"line":187,"column":264},"end":{"line":187,"column":276}}],"line":187},"39":{"loc":{"start":{"line":188,"column":13},"end":{"line":192,"column":null}},"type":"cond-expr","locations":[{"start":{"line":189,"column":14},"end":{"line":189,"column":null}},{"start":{"line":191,"column":14},"end":{"line":192,"column":null}}],"line":188},"40":{"loc":{"start":{"line":191,"column":14},"end":{"line":192,"column":null}},"type":"cond-expr","locations":[{"start":{"line":191,"column":37},"end":{"line":191,"column":null}},{"start":{"line":192,"column":14},"end":{"line":192,"column":null}}],"line":191},"41":{"loc":{"start":{"line":192,"column":14},"end":{"line":192,"column":null}},"type":"cond-expr","locations":[{"start":{"line":192,"column":40},"end":{"line":192,"column":56}},{"start":{"line":192,"column":56},"end":{"line":192,"column":null}}],"line":192},"42":{"loc":{"start":{"line":197,"column":9},"end":{"line":205,"column":null}},"type":"binary-expr","locations":[{"start":{"line":197,"column":9},"end":{"line":197,"column":null}},{"start":{"line":198,"column":10},"end":{"line":205,"column":null}}],"line":197}},"s":{"0":1,"1":1,"2":71,"3":71,"4":71,"5":71,"6":71,"7":71,"8":71,"9":71,"10":71,"11":71,"12":71,"13":71,"14":71,"15":8,"16":1,"17":7,"18":57,"19":1,"20":7,"21":7,"22":7,"23":71,"24":1,"25":70,"26":2,"27":2,"28":0,"29":2,"30":2,"31":2,"32":2,"33":2,"34":1,"35":1,"36":1,"37":1,"38":1,"39":1,"40":1,"41":1,"42":1,"43":0,"44":0,"45":0,"46":0,"47":0,"48":0,"49":0,"50":0,"51":0,"52":0,"53":0,"54":0,"55":0,"56":0,"57":0,"58":0,"59":2,"60":70,"61":0,"62":0,"63":0,"64":0,"65":2,"66":2,"67":2,"68":2,"69":0,"70":0,"71":6,"72":5,"73":0,"74":27,"75":1,"76":1,"77":1,"78":1,"79":18,"80":0,"81":0,"82":0,"83":0},"f":{"0":71,"1":8,"2":57,"3":7,"4":2,"5":0,"6":2,"7":0,"8":0,"9":6,"10":5,"11":0,"12":27,"13":1,"14":18,"15":0},"b":{"0":[1,1],"1":[1,7],"2":[1,56],"3":[1,70],"4":[0,2],"5":[1,1],"6":[1,0],"7":[0,0],"8":[0,0],"9":[0,0],"10":[0,0],"11":[0,0],"12":[0,0],"13":[0,0],"14":[1,69],"15":[39,30],"16":[1,69],"17":[71,69],"18":[30,39],"19":[30,39],"20":[39,30],"21":[39,30],"22":[71,39],"23":[39,0],"24":[39,0],"25":[0,39],"26":[0,39],"27":[71,70],"28":[71,0],"29":[71,0],"30":[71,39],"31":[71,69],"32":[69,30],"33":[69,39],"34":[71,68],"35":[2,68],"36":[71,68],"37":[2,68],"38":[71,68],"39":[2,68],"40":[29,39],"41":[38,1],"42":[71,1]},"meta":{"lastBranch":43,"lastFunction":16,"lastStatement":84,"seen":{"s:4:16:4:Infinity":0,"b:4:16:4:48:4:48:4:Infinity":0,"s:6:6:209:Infinity":1,"f:6:6:6:19":0,"s:7:19:7:51":2,"s:8:15:8:45":3,"s:10:16:10:40":4,"s:11:19:11:46":5,"s:12:17:12:42":6,"s:13:19:13:46":7,"s:14:19:14:46":8,"s:15:20:15:51":9,"s:16:23:16:54":10,"s:17:25:17:58":11,"s:18:24:18:55":12,"s:19:20:19:51":13,"s:21:2:26:Infinity":14,"f:21:2:21:18":1,"b:22:4:22:Infinity:undefined:undefined:undefined:undefined":1,"s:22:4:22:Infinity":15,"s:22:17:22:Infinity":16,"s:23:10:23:Infinity":17,"f:23:10:23:23":2,"b:23:31:23:Infinity:undefined:undefined:undefined:undefined":2,"s:23:31:23:Infinity":18,"s:23:55:23:Infinity":19,"s:24:4:24:Infinity":20,"s:25:4:25:Infinity":21,"f:25:4:25:17":3,"s:25:17:25:65":22,"b:28:2:28:Infinity:undefined:undefined:undefined:undefined":3,"s:28:2:28:Infinity":23,"s:28:15:28:Infinity":24,"s:30:23:84:Infinity":25,"f:30:23:30:30":4,"s:31:4:31:Infinity":26,"b:32:4:32:Infinity:undefined:undefined:undefined:undefined":4,"s:32:4:32:Infinity":27,"s:32:19:32:Infinity":28,"s:33:4:33:Infinity":29,"s:34:4:34:Infinity":30,"s:35:4:35:Infinity":31,"s:37:4:84:Infinity":32,"b:38:6:67:Infinity:47:17:67:Infinity":5,"s:38:6:67:Infinity":33,"s:39:25:39:65":34,"s:40:8:40:Infinity":35,"s:41:8:45:Infinity":36,"s:46:8:46:Infinity":37,"b:47:17:67:Infinity:56:17:67:Infinity":6,"s:47:17:67:Infinity":38,"s:48:8:48:Infinity":39,"s:49:30:49:70":40,"s:50:8:54:Infinity":41,"s:55:8:55:Infinity":42,"b:56:17:67:Infinity:undefined:undefined:undefined:undefined":7,"s:56:17:67:Infinity":43,"s:57:25:61:10":44,"s:62:21:62:42":45,"b:64:8:64:Infinity:undefined:undefined:undefined:undefined":8,"s:64:8:64:Infinity":46,"s:64:26:64:Infinity":47,"b:64:42:64:56:64:56:64:89":9,"s:66:8:66:Infinity":48,"s:67:8:67:Infinity":49,"s:70:18:70:Infinity":50,"b:70:18:70:35:70:35:70:Infinity":10,"b:71:6:81:Infinity:80:13:81:Infinity":11,"s:71:6:81:Infinity":51,"b:72:8:78:Infinity:75:15:78:Infinity":12,"s:72:8:78:Infinity":52,"s:73:10:73:Infinity":53,"s:74:10:74:Infinity":54,"s:76:30:76:60":55,"s:77:10:77:Infinity":56,"s:78:10:78:Infinity":57,"b:78:45:78:87:78:87:78:99":13,"s:81:8:81:Infinity":58,"s:84:6:84:Infinity":59,"s:88:2:209:Infinity":60,"b:89:77:89:102:89:102:89:162":14,"b:89:128:89:144:89:144:89:162":15,"b:95:35:95:60:95:60:95:Infinity":16,"b:99:9:99:Infinity:100:10:114:Infinity":17,"f:103:14:103:29":5,"s:103:31:103:53":61,"s:103:53:103:74":62,"s:103:74:103:97":63,"s:103:97:103:Infinity":64,"b:104:157:104:169:104:169:104:180":18,"b:104:217:104:239:104:239:104:247":19,"f:110:14:110:29":6,"s:110:31:110:56":65,"s:110:56:110:77":66,"s:110:77:110:100":67,"s:110:100:110:Infinity":68,"b:111:160:111:172:111:172:111:183":20,"b:111:223:111:245:111:245:111:253":21,"b:119:9:119:Infinity:120:10:126:Infinity":22,"f:121:34:121:49":7,"s:121:49:121:67":69,"b:121:174:121:196:121:196:121:217":23,"b:121:255:121:267:121:267:121:276":24,"f:124:34:124:49":8,"s:124:49:124:65":70,"b:124:170:124:192:124:192:124:213":25,"b:124:249:124:261:124:261:124:270":26,"b:130:171:130:187:130:187:130:208":27,"b:131:9:131:Infinity:132:10:134:Infinity":28,"b:136:9:136:Infinity:137:10:139:Infinity":29,"b:144:11:144:Infinity:145:12:158:Infinity":30,"f:148:145:148:156":9,"s:148:162:148:187":71,"f:152:145:152:156":10,"s:152:162:152:189":72,"f:156:153:156:164":11,"s:156:170:156:197":73,"f:165:159:165:170":12,"s:165:176:165:200":74,"b:168:11:168:Infinity:169:12:184:Infinity":31,"b:173:17:173:Infinity:174:18:179:Infinity":32,"f:175:20:175:35":13,"s:175:37:175:60":75,"s:175:60:175:81":76,"s:175:81:175:104":77,"s:175:104:175:Infinity":78,"f:182:187:182:198":14,"s:182:204:182:231":79,"b:183:15:183:42:183:42:183:Infinity":33,"b:187:42:187:55:187:55:187:66":34,"b:187:187:187:199:187:199:187:210":35,"b:187:162:187:175:187:175:187:187":36,"b:187:276:187:292:187:292:187:303":37,"b:187:251:187:264:187:264:187:276":38,"b:189:14:189:Infinity:191:14:192:Infinity":39,"b:191:37:191:Infinity:192:14:192:Infinity":40,"b:192:40:192:56:192:56:192:Infinity":41,"b:197:9:197:Infinity:198:10:205:Infinity":42,"f:200:14:200:29":15,"s:200:31:200:53":80,"s:200:53:200:74":81,"s:200:74:200:97":82,"s:200:97:200:Infinity":83},"fnNames":{}}}
,"C:\\Users\\llere\\OneDrive\\Escritorio\\pichangaGo\\pichangago-frontend\\src\\components\\ErrorBoundary.jsx": {"path":"C:\\Users\\llere\\OneDrive\\Escritorio\\pichangaGo\\pichangago-frontend\\src\\components\\ErrorBoundary.jsx","statementMap":{"0":{"start":{"line":5,"column":4},"end":{"line":5,"column":null}},"1":{"start":{"line":6,"column":4},"end":{"line":6,"column":null}},"2":{"start":{"line":10,"column":4},"end":{"line":10,"column":null}},"3":{"start":{"line":14,"column":4},"end":{"line":19,"column":null}},"4":{"start":{"line":23,"column":4},"end":{"line":45,"column":null}},"5":{"start":{"line":24,"column":6},"end":{"line":45,"column":null}},"6":{"start":{"line":37,"column":27},"end":{"line":37,"column":51}},"7":{"start":{"line":50,"column":4},"end":{"line":50,"column":null}}},"fnMap":{"0":{"name":"constructor","decl":{"start":{"line":4,"column":2},"end":{"line":4,"column":14}},"loc":{"start":{"line":4,"column":21},"end":{"line":6,"column":null}},"line":4},"1":{"name":"getDerivedStateFromError","decl":{"start":{"line":9,"column":9},"end":{"line":9,"column":34}},"loc":{"start":{"line":9,"column":41},"end":{"line":10,"column":null}},"line":9},"2":{"name":"componentDidCatch","decl":{"start":{"line":13,"column":2},"end":{"line":13,"column":20}},"loc":{"start":{"line":13,"column":33},"end":{"line":19,"column":null}},"line":13},"3":{"name":"render","decl":{"start":{"line":22,"column":2},"end":{"line":22,"column":11}},"loc":{"start":{"line":22,"column":11},"end":{"line":50,"column":null}},"line":22},"4":{"name":"(anonymous_4)","decl":{"start":{"line":37,"column":12},"end":{"line":37,"column":27}},"loc":{"start":{"line":37,"column":27},"end":{"line":37,"column":51}},"line":37}},"branchMap":{"0":{"loc":{"start":{"line":23,"column":4},"end":{"line":45,"column":null}},"type":"if","locations":[{"start":{"line":23,"column":4},"end":{"line":45,"column":null}},{"start":{},"end":{}}],"line":23}},"s":{"0":4,"1":4,"2":2,"3":1,"4":5,"5":2,"6":0,"7":3},"f":{"0":4,"1":1,"2":1,"3":5,"4":0},"b":{"0":[2,3]},"meta":{"lastBranch":1,"lastFunction":5,"lastStatement":8,"seen":{"f:4:2:4:14":0,"s:5:4:5:Infinity":0,"s:6:4:6:Infinity":1,"f:9:9:9:34":1,"s:10:4:10:Infinity":2,"f:13:2:13:20":2,"s:14:4:19:Infinity":3,"f:22:2:22:11":3,"b:23:4:45:Infinity:undefined:undefined:undefined:undefined":0,"s:23:4:45:Infinity":4,"s:24:6:45:Infinity":5,"f:37:12:37:27":4,"s:37:27:37:51":6,"s:50:4:50:Infinity":7},"fnNames":{}}}
,"C:\\Users\\llere\\OneDrive\\Escritorio\\pichangaGo\\pichangago-frontend\\src\\components\\Navbar.jsx": {"path":"C:\\Users\\llere\\OneDrive\\Escritorio\\pichangaGo\\pichangago-frontend\\src\\components\\Navbar.jsx","statementMap":{"0":{"start":{"line":4,"column":6},"end":{"line":136,"column":null}},"1":{"start":{"line":5,"column":17},"end":{"line":5,"column":45}},"2":{"start":{"line":6,"column":28},"end":{"line":6,"column":67}},"3":{"start":{"line":7,"column":8},"end":{"line":7,"column":32}},"4":{"start":{"line":9,"column":8},"end":{"line":9,"column":null}},"5":{"start":{"line":9,"column":29},"end":{"line":9,"column":null}},"6":{"start":{"line":11,"column":8},"end":{"line":14,"column":null}},"7":{"start":{"line":12,"column":4},"end":{"line":12,"column":null}},"8":{"start":{"line":13,"column":4},"end":{"line":13,"column":null}},"9":{"start":{"line":14,"column":4},"end":{"line":14,"column":null}},"10":{"start":{"line":17,"column":2},"end":{"line":136,"column":null}},"11":{"start":{"line":24,"column":53},"end":{"line":24,"column":71}},"12":{"start":{"line":29,"column":76},"end":{"line":29,"column":92}},"13":{"start":{"line":33,"column":88},"end":{"line":33,"column":104}},"14":{"start":{"line":39,"column":29},"end":{"line":39,"column":44}},"15":{"start":{"line":39,"column":44},"end":{"line":39,"column":null}},"16":{"start":{"line":51,"column":106},"end":{"line":51,"column":122}},"17":{"start":{"line":57,"column":104},"end":{"line":57,"column":120}},"18":{"start":{"line":78,"column":31},"end":{"line":78,"column":57}},"19":{"start":{"line":84,"column":37},"end":{"line":84,"column":81}},"20":{"start":{"line":84,"column":81},"end":{"line":84,"column":null}},"21":{"start":{"line":85,"column":37},"end":{"line":85,"column":83}},"22":{"start":{"line":85,"column":83},"end":{"line":85,"column":null}},"23":{"start":{"line":101,"column":25},"end":{"line":101,"column":52}},"24":{"start":{"line":104,"column":26},"end":{"line":104,"column":45}},"25":{"start":{"line":116,"column":31},"end":{"line":116,"column":58}}},"fnMap":{"0":{"name":"(anonymous_0)","decl":{"start":{"line":4,"column":6},"end":{"line":4,"column":16}},"loc":{"start":{"line":4,"column":52},"end":{"line":136,"column":null}},"line":4},"1":{"name":"(anonymous_1)","decl":{"start":{"line":9,"column":8},"end":{"line":9,"column":20}},"loc":{"start":{"line":9,"column":29},"end":{"line":9,"column":null}},"line":9},"2":{"name":"(anonymous_2)","decl":{"start":{"line":11,"column":8},"end":{"line":11,"column":29}},"loc":{"start":{"line":11,"column":29},"end":{"line":14,"column":null}},"line":11},"3":{"name":"(anonymous_3)","decl":{"start":{"line":24,"column":38},"end":{"line":24,"column":53}},"loc":{"start":{"line":24,"column":53},"end":{"line":24,"column":71}},"line":24},"4":{"name":"(anonymous_4)","decl":{"start":{"line":29,"column":61},"end":{"line":29,"column":76}},"loc":{"start":{"line":29,"column":76},"end":{"line":29,"column":92}},"line":29},"5":{"name":"(anonymous_5)","decl":{"start":{"line":33,"column":73},"end":{"line":33,"column":88}},"loc":{"start":{"line":33,"column":88},"end":{"line":33,"column":104}},"line":33},"6":{"name":"(anonymous_6)","decl":{"start":{"line":39,"column":12},"end":{"line":39,"column":27}},"loc":{"start":{"line":39,"column":27},"end":{"line":39,"column":null}},"line":39},"7":{"name":"(anonymous_7)","decl":{"start":{"line":51,"column":91},"end":{"line":51,"column":106}},"loc":{"start":{"line":51,"column":106},"end":{"line":51,"column":122}},"line":51},"8":{"name":"(anonymous_8)","decl":{"start":{"line":57,"column":89},"end":{"line":57,"column":104}},"loc":{"start":{"line":57,"column":104},"end":{"line":57,"column":120}},"line":57},"9":{"name":"(anonymous_9)","decl":{"start":{"line":78,"column":16},"end":{"line":78,"column":31}},"loc":{"start":{"line":78,"column":31},"end":{"line":78,"column":57}},"line":78},"10":{"name":"(anonymous_10)","decl":{"start":{"line":84,"column":16},"end":{"line":84,"column":30}},"loc":{"start":{"line":84,"column":35},"end":{"line":84,"column":null}},"line":84},"11":{"name":"(anonymous_11)","decl":{"start":{"line":85,"column":16},"end":{"line":85,"column":30}},"loc":{"start":{"line":85,"column":35},"end":{"line":85,"column":null}},"line":85},"12":{"name":"(anonymous_12)","decl":{"start":{"line":101,"column":10},"end":{"line":101,"column":25}},"loc":{"start":{"line":101,"column":25},"end":{"line":101,"column":52}},"line":101},"13":{"name":"(anonymous_13)","decl":{"start":{"line":104,"column":12},"end":{"line":104,"column":21}},"loc":{"start":{"line":104,"column":26},"end":{"line":104,"column":45}},"line":104},"14":{"name":"(anonymous_14)","decl":{"start":{"line":116,"column":16},"end":{"line":116,"column":31}},"loc":{"start":{"line":116,"column":31},"end":{"line":116,"column":58}},"line":116}},"branchMap":{"0":{"loc":{"start":{"line":9,"column":29},"end":{"line":9,"column":null}},"type":"cond-expr","locations":[{"start":{"line":9,"column":58},"end":{"line":9,"column":69}},{"start":{"line":9,"column":69},"end":{"line":9,"column":null}}],"line":9},"1":{"loc":{"start":{"line":24,"column":85},"end":{"line":24,"column":null}},"type":"cond-expr","locations":[{"start":{"line":24,"column":94},"end":{"line":24,"column":110}},{"start":{"line":24,"column":110},"end":{"line":24,"column":null}}],"line":24},"2":{"loc":{"start":{"line":25,"column":9},"end":{"line":25,"column":null}},"type":"cond-expr","locations":[{"start":{"line":25,"column":18},"end":{"line":25,"column":24}},{"start":{"line":25,"column":24},"end":{"line":25,"column":null}}],"line":25},"3":{"loc":{"start":{"line":28,"column":35},"end":{"line":28,"column":null}},"type":"cond-expr","locations":[{"start":{"line":28,"column":44},"end":{"line":28,"column":53}},{"start":{"line":28,"column":53},"end":{"line":28,"column":null}}],"line":28},"4":{"loc":{"start":{"line":37,"column":9},"end":{"line":90,"column":null}},"type":"cond-expr","locations":[{"start":{"line":38,"column":10},"end":{"line":49,"column":null}},{"start":{"line":49,"column":10},"end":{"line":90,"column":null}}],"line":37},"5":{"loc":{"start":{"line":50,"column":13},"end":{"line":53,"column":null}},"type":"binary-expr","locations":[{"start":{"line":50,"column":13},"end":{"line":50,"column":null}},{"start":{"line":51,"column":14},"end":{"line":53,"column":null}}],"line":50},"6":{"loc":{"start":{"line":56,"column":14},"end":{"line":59,"column":null}},"type":"binary-expr","locations":[{"start":{"line":56,"column":14},"end":{"line":56,"column":39}},{"start":{"line":56,"column":39},"end":{"line":56,"column":null}},{"start":{"line":57,"column":14},"end":{"line":59,"column":null}}],"line":56},"7":{"loc":{"start":{"line":94,"column":7},"end":{"line":136,"column":null}},"type":"binary-expr","locations":[{"start":{"line":94,"column":7},"end":{"line":94,"column":null}},{"start":{"line":95,"column":8},"end":{"line":136,"column":null}}],"line":94}},"s":{"0":1,"1":11,"2":11,"3":11,"4":11,"5":30,"6":11,"7":1,"8":1,"9":1,"10":11,"11":0,"12":0,"13":0,"14":1,"15":1,"16":0,"17":0,"18":2,"19":2,"20":2,"21":2,"22":2,"23":0,"24":2,"25":1},"f":{"0":11,"1":30,"2":1,"3":0,"4":0,"5":0,"6":1,"7":0,"8":0,"9":2,"10":2,"11":2,"12":0,"13":2,"14":1},"b":{"0":[11,19],"1":[0,11],"2":[0,11],"3":[0,11],"4":[3,8],"5":[8,7],"6":[8,7,1],"7":[11,2]},"meta":{"lastBranch":8,"lastFunction":15,"lastStatement":26,"seen":{"s:4:6:136:Infinity":0,"f:4:6:4:16":0,"s:5:17:5:45":1,"s:6:28:6:67":2,"s:7:8:7:32":3,"s:9:8:9:Infinity":4,"f:9:8:9:20":1,"s:9:29:9:Infinity":5,"b:9:58:9:69:9:69:9:Infinity":0,"s:11:8:14:Infinity":6,"f:11:8:11:29":2,"s:12:4:12:Infinity":7,"s:13:4:13:Infinity":8,"s:14:4:14:Infinity":9,"s:17:2:136:Infinity":10,"f:24:38:24:53":3,"s:24:53:24:71":11,"b:24:94:24:110:24:110:24:Infinity":1,"b:25:18:25:24:25:24:25:Infinity":2,"b:28:44:28:53:28:53:28:Infinity":3,"f:29:61:29:76":4,"s:29:76:29:92":12,"f:33:73:33:88":5,"s:33:88:33:104":13,"b:38:10:49:Infinity:49:10:90:Infinity":4,"f:39:12:39:27":6,"s:39:29:39:44":14,"s:39:44:39:Infinity":15,"b:50:13:50:Infinity:51:14:53:Infinity":5,"f:51:91:51:106":7,"s:51:106:51:122":16,"b:56:14:56:39:56:39:56:Infinity:57:14:59:Infinity":6,"f:57:89:57:104":8,"s:57:104:57:120":17,"f:78:16:78:31":9,"s:78:31:78:57":18,"f:84:16:84:30":10,"s:84:37:84:81":19,"s:84:81:84:Infinity":20,"f:85:16:85:30":11,"s:85:37:85:83":21,"s:85:83:85:Infinity":22,"b:94:7:94:Infinity:95:8:136:Infinity":7,"f:101:10:101:25":12,"s:101:25:101:52":23,"f:104:12:104:21":13,"s:104:26:104:45":24,"f:116:16:116:31":14,"s:116:31:116:58":25},"fnNames":{}}}
,"C:\\Users\\llere\\OneDrive\\Escritorio\\pichangaGo\\pichangago-frontend\\src\\components\\ToastContainer.jsx": {"path":"C:\\Users\\llere\\OneDrive\\Escritorio\\pichangaGo\\pichangago-frontend\\src\\components\\ToastContainer.jsx","statementMap":{"0":{"start":{"line":2,"column":2},"end":{"line":2,"column":null}},"1":{"start":{"line":2,"column":27},"end":{"line":2,"column":null}},"2":{"start":{"line":3,"column":2},"end":{"line":18,"column":null}},"3":{"start":{"line":6,"column":8},"end":{"line":16,"column":null}},"4":{"start":{"line":15,"column":33},"end":{"line":15,"column":50}}},"fnMap":{"0":{"name":"ToastContainer","decl":{"start":{"line":1,"column":24},"end":{"line":1,"column":39}},"loc":{"start":{"line":1,"column":64},"end":{"line":18,"column":null}},"line":1},"1":{"name":"(anonymous_1)","decl":{"start":{"line":5,"column":14},"end":{"line":5,"column":18}},"loc":{"start":{"line":6,"column":8},"end":{"line":16,"column":null}},"line":6},"2":{"name":"(anonymous_2)","decl":{"start":{"line":15,"column":18},"end":{"line":15,"column":33}},"loc":{"start":{"line":15,"column":33},"end":{"line":15,"column":50}},"line":15}},"branchMap":{"0":{"loc":{"start":{"line":2,"column":2},"end":{"line":2,"column":null}},"type":"if","locations":[{"start":{"line":2,"column":2},"end":{"line":2,"column":null}},{"start":{},"end":{}}],"line":2},"1":{"loc":{"start":{"line":10,"column":22},"end":{"line":10,"column":null}},"type":"cond-expr","locations":[{"start":{"line":10,"column":43},"end":{"line":10,"column":55}},{"start":{"line":10,"column":55},"end":{"line":10,"column":null}}],"line":10},"2":{"loc":{"start":{"line":10,"column":55},"end":{"line":10,"column":null}},"type":"cond-expr","locations":[{"start":{"line":10,"column":78},"end":{"line":10,"column":90}},{"start":{"line":10,"column":90},"end":{"line":10,"column":null}}],"line":10},"3":{"loc":{"start":{"line":11,"column":17},"end":{"line":11,"column":null}},"type":"cond-expr","locations":[{"start":{"line":11,"column":38},"end":{"line":11,"column":50}},{"start":{"line":11,"column":50},"end":{"line":11,"column":null}}],"line":11},"4":{"loc":{"start":{"line":11,"column":50},"end":{"line":11,"column":null}},"type":"cond-expr","locations":[{"start":{"line":11,"column":73},"end":{"line":11,"column":85}},{"start":{"line":11,"column":85},"end":{"line":11,"column":null}}],"line":11},"5":{"loc":{"start":{"line":12,"column":31},"end":{"line":12,"column":null}},"type":"cond-expr","locations":[{"start":{"line":12,"column":52},"end":{"line":12,"column":64}},{"start":{"line":12,"column":64},"end":{"line":12,"column":null}}],"line":12},"6":{"loc":{"start":{"line":12,"column":64},"end":{"line":12,"column":null}},"type":"cond-expr","locations":[{"start":{"line":12,"column":87},"end":{"line":12,"column":99}},{"start":{"line":12,"column":99},"end":{"line":12,"column":null}}],"line":12}},"s":{"0":6,"1":1,"2":5,"3":6,"4":1},"f":{"0":6,"1":6,"2":1},"b":{"0":[1,5],"1":[2,4],"2":[1,3],"3":[2,4],"4":[1,3],"5":[2,4],"6":[1,3]},"meta":{"lastBranch":7,"lastFunction":3,"lastStatement":5,"seen":{"f:1:24:1:39":0,"b:2:2:2:Infinity:undefined:undefined:undefined:undefined":0,"s:2:2:2:Infinity":0,"s:2:27:2:Infinity":1,"s:3:2:18:Infinity":2,"f:5:14:5:18":1,"s:6:8:16:Infinity":3,"b:10:43:10:55:10:55:10:Infinity":1,"b:10:78:10:90:10:90:10:Infinity":2,"b:11:38:11:50:11:50:11:Infinity":3,"b:11:73:11:85:11:85:11:Infinity":4,"b:12:52:12:64:12:64:12:Infinity":5,"b:12:87:12:99:12:99:12:Infinity":6,"f:15:18:15:33":2,"s:15:33:15:50":4},"fnNames":{}}}
,"C:\\Users\\llere\\OneDrive\\Escritorio\\pichangaGo\\pichangago-frontend\\src\\components\\dueno\\DashboardDueno.jsx": {"path":"C:\\Users\\llere\\OneDrive\\Escritorio\\pichangaGo\\pichangago-frontend\\src\\components\\dueno\\DashboardDueno.jsx","statementMap":{"0":{"start":{"line":4,"column":12},"end":{"line":4,"column":22}},"1":{"start":{"line":5,"column":17},"end":{"line":5,"column":null}},"2":{"start":{"line":6,"column":22},"end":{"line":6,"column":null}},"3":{"start":{"line":7,"column":24},"end":{"line":7,"column":70}},"4":{"start":{"line":10,"column":4},"end":{"line":10,"column":null}},"5":{"start":{"line":10,"column":16},"end":{"line":10,"column":null}},"6":{"start":{"line":11,"column":4},"end":{"line":11,"column":null}},"7":{"start":{"line":11,"column":29},"end":{"line":11,"column":null}},"8":{"start":{"line":12,"column":4},"end":{"line":12,"column":null}},"9":{"start":{"line":16,"column":22},"end":{"line":16,"column":52}},"10":{"start":{"line":17,"column":24},"end":{"line":17,"column":54}},"11":{"start":{"line":18,"column":20},"end":{"line":18,"column":48}},"12":{"start":{"line":20,"column":4},"end":{"line":36,"column":null}},"13":{"start":{"line":21,"column":8},"end":{"line":35,"column":null}},"14":{"start":{"line":22,"column":37},"end":{"line":25,"column":14}},"15":{"start":{"line":26,"column":12},"end":{"line":26,"column":null}},"16":{"start":{"line":28,"column":12},"end":{"line":32,"column":null}},"17":{"start":{"line":29,"column":35},"end":{"line":31,"column":129}},"18":{"start":{"line":30,"column":33},"end":{"line":30,"column":81}},"19":{"start":{"line":31,"column":30},"end":{"line":31,"column":128}},"20":{"start":{"line":32,"column":16},"end":{"line":32,"column":null}},"21":{"start":{"line":34,"column":12},"end":{"line":34,"column":null}},"22":{"start":{"line":38,"column":4},"end":{"line":38,"column":null}},"23":{"start":{"line":38,"column":17},"end":{"line":38,"column":null}},"24":{"start":{"line":39,"column":4},"end":{"line":39,"column":null}},"25":{"start":{"line":39,"column":20},"end":{"line":39,"column":null}},"26":{"start":{"line":41,"column":18},"end":{"line":46,"column":null}},"27":{"start":{"line":48,"column":4},"end":{"line":170,"column":null}},"28":{"start":{"line":65,"column":20},"end":{"line":73,"column":null}},"29":{"start":{"line":102,"column":36},"end":{"line":123,"column":null}}},"fnMap":{"0":{"name":"extraerHora","decl":{"start":{"line":9,"column":9},"end":{"line":9,"column":21}},"loc":{"start":{"line":9,"column":28},"end":{"line":12,"column":null}},"line":9},"1":{"name":"DashboardDueno","decl":{"start":{"line":15,"column":24},"end":{"line":15,"column":41}},"loc":{"start":{"line":15,"column":41},"end":{"line":170,"column":null}},"line":15},"2":{"name":"(anonymous_2)","decl":{"start":{"line":20,"column":4},"end":{"line":20,"column":20}},"loc":{"start":{"line":20,"column":20},"end":{"line":36,"column":9}},"line":20},"3":{"name":"(anonymous_3)","decl":{"start":{"line":21,"column":9},"end":{"line":21,"column":21}},"loc":{"start":{"line":21,"column":21},"end":{"line":35,"column":null}},"line":21},"4":{"name":"(anonymous_4)","decl":{"start":{"line":30,"column":21},"end":{"line":30,"column":28}},"loc":{"start":{"line":30,"column":33},"end":{"line":30,"column":81}},"line":30},"5":{"name":"(anonymous_5)","decl":{"start":{"line":31,"column":21},"end":{"line":31,"column":27}},"loc":{"start":{"line":31,"column":30},"end":{"line":31,"column":128}},"line":31},"6":{"name":"(anonymous_6)","decl":{"start":{"line":64,"column":23},"end":{"line":64,"column":28}},"loc":{"start":{"line":65,"column":20},"end":{"line":73,"column":null}},"line":65},"7":{"name":"(anonymous_7)","decl":{"start":{"line":101,"column":45},"end":{"line":101,"column":49}},"loc":{"start":{"line":102,"column":36},"end":{"line":123,"column":null}},"line":102}},"branchMap":{"0":{"loc":{"start":{"line":10,"column":4},"end":{"line":10,"column":null}},"type":"if","locations":[{"start":{"line":10,"column":4},"end":{"line":10,"column":null}},{"start":{},"end":{}}],"line":10},"1":{"loc":{"start":{"line":11,"column":4},"end":{"line":11,"column":null}},"type":"if","locations":[{"start":{"line":11,"column":4},"end":{"line":11,"column":null}},{"start":{},"end":{}}],"line":11},"2":{"loc":{"start":{"line":26,"column":25},"end":{"line":26,"column":80}},"type":"cond-expr","locations":[{"start":{"line":26,"column":64},"end":{"line":26,"column":75}},{"start":{"line":26,"column":75},"end":{"line":26,"column":80}}],"line":26},"3":{"loc":{"start":{"line":26,"column":25},"end":{"line":26,"column":64}},"type":"binary-expr","locations":[{"start":{"line":26,"column":25},"end":{"line":26,"column":53}},{"start":{"line":26,"column":53},"end":{"line":26,"column":64}}],"line":26},"4":{"loc":{"start":{"line":28,"column":12},"end":{"line":32,"column":null}},"type":"if","locations":[{"start":{"line":28,"column":12},"end":{"line":32,"column":null}},{"start":{},"end":{}}],"line":28},"5":{"loc":{"start":{"line":28,"column":16},"end":{"line":28,"column":66}},"type":"binary-expr","locations":[{"start":{"line":28,"column":16},"end":{"line":28,"column":50}},{"start":{"line":28,"column":50},"end":{"line":28,"column":66}}],"line":28},"6":{"loc":{"start":{"line":30,"column":33},"end":{"line":30,"column":81}},"type":"binary-expr","locations":[{"start":{"line":30,"column":33},"end":{"line":30,"column":65}},{"start":{"line":30,"column":65},"end":{"line":30,"column":81}}],"line":30},"7":{"loc":{"start":{"line":31,"column":37},"end":{"line":31,"column":76}},"type":"binary-expr","locations":[{"start":{"line":31,"column":37},"end":{"line":31,"column":54}},{"start":{"line":31,"column":54},"end":{"line":31,"column":72}},{"start":{"line":31,"column":72},"end":{"line":31,"column":76}}],"line":31},"8":{"loc":{"start":{"line":31,"column":90},"end":{"line":31,"column":128}},"type":"binary-expr","locations":[{"start":{"line":31,"column":90},"end":{"line":31,"column":107}},{"start":{"line":31,"column":107},"end":{"line":31,"column":125}},{"start":{"line":31,"column":125},"end":{"line":31,"column":128}}],"line":31},"9":{"loc":{"start":{"line":38,"column":4},"end":{"line":38,"column":null}},"type":"if","locations":[{"start":{"line":38,"column":4},"end":{"line":38,"column":null}},{"start":{},"end":{}}],"line":38},"10":{"loc":{"start":{"line":39,"column":4},"end":{"line":39,"column":null}},"type":"if","locations":[{"start":{"line":39,"column":4},"end":{"line":39,"column":null}},{"start":{},"end":{}}],"line":39},"11":{"loc":{"start":{"line":43,"column":56},"end":{"line":43,"column":84}},"type":"binary-expr","locations":[{"start":{"line":43,"column":56},"end":{"line":43,"column":82}},{"start":{"line":43,"column":82},"end":{"line":43,"column":84}}],"line":43},"12":{"loc":{"start":{"line":44,"column":40},"end":{"line":44,"column":77}},"type":"binary-expr","locations":[{"start":{"line":44,"column":40},"end":{"line":44,"column":75}},{"start":{"line":44,"column":75},"end":{"line":44,"column":77}}],"line":44},"13":{"loc":{"start":{"line":44,"column":89},"end":{"line":44,"column":126}},"type":"binary-expr","locations":[{"start":{"line":44,"column":89},"end":{"line":44,"column":124}},{"start":{"line":44,"column":124},"end":{"line":44,"column":126}}],"line":44},"14":{"loc":{"start":{"line":44,"column":129},"end":{"line":44,"column":167}},"type":"binary-expr","locations":[{"start":{"line":44,"column":129},"end":{"line":44,"column":165}},{"start":{"line":44,"column":165},"end":{"line":44,"column":167}}],"line":44},"15":{"loc":{"start":{"line":72,"column":25},"end":{"line":72,"column":null}},"type":"binary-expr","locations":[{"start":{"line":72,"column":25},"end":{"line":72,"column":37}},{"start":{"line":72,"column":37},"end":{"line":72,"column":null}}],"line":72},"16":{"loc":{"start":{"line":77,"column":13},"end":{"line":136,"column":null}},"type":"cond-expr","locations":[{"start":{"line":78,"column":16},"end":{"line":130,"column":17}},{"start":{"line":130,"column":16},"end":{"line":136,"column":null}}],"line":77},"17":{"loc":{"start":{"line":104,"column":59},"end":{"line":104,"column":97}},"type":"binary-expr","locations":[{"start":{"line":104,"column":59},"end":{"line":104,"column":79}},{"start":{"line":104,"column":79},"end":{"line":104,"column":97}}],"line":104},"18":{"loc":{"start":{"line":104,"column":114},"end":{"line":104,"column":null}},"type":"binary-expr","locations":[{"start":{"line":104,"column":114},"end":{"line":104,"column":131}},{"start":{"line":104,"column":131},"end":{"line":104,"column":null}}],"line":104},"19":{"loc":{"start":{"line":106,"column":78},"end":{"line":106,"column":108}},"type":"binary-expr","locations":[{"start":{"line":106,"column":78},"end":{"line":106,"column":99}},{"start":{"line":106,"column":99},"end":{"line":106,"column":108}}],"line":106},"20":{"loc":{"start":{"line":109,"column":45},"end":{"line":109,"column":null}},"type":"binary-expr","locations":[{"start":{"line":109,"column":45},"end":{"line":109,"column":69}},{"start":{"line":109,"column":69},"end":{"line":109,"column":null}}],"line":109},"21":{"loc":{"start":{"line":112,"column":55},"end":{"line":112,"column":77}},"type":"binary-expr","locations":[{"start":{"line":112,"column":55},"end":{"line":112,"column":75}},{"start":{"line":112,"column":75},"end":{"line":112,"column":77}}],"line":112},"22":{"loc":{"start":{"line":117,"column":60},"end":{"line":117,"column":null}},"type":"cond-expr","locations":[{"start":{"line":117,"column":98},"end":{"line":117,"column":110}},{"start":{"line":117,"column":110},"end":{"line":117,"column":null}}],"line":117},"23":{"loc":{"start":{"line":118,"column":55},"end":{"line":118,"column":null}},"type":"cond-expr","locations":[{"start":{"line":118,"column":93},"end":{"line":118,"column":105}},{"start":{"line":118,"column":105},"end":{"line":118,"column":null}}],"line":118},"24":{"loc":{"start":{"line":120,"column":49},"end":{"line":120,"column":null}},"type":"binary-expr","locations":[{"start":{"line":120,"column":49},"end":{"line":120,"column":71}},{"start":{"line":120,"column":71},"end":{"line":120,"column":null}}],"line":120},"25":{"loc":{"start":{"line":140,"column":13},"end":{"line":166,"column":null}},"type":"binary-expr","locations":[{"start":{"line":140,"column":13},"end":{"line":140,"column":null}},{"start":{"line":141,"column":16},"end":{"line":166,"column":null}}],"line":140},"26":{"loc":{"start":{"line":150,"column":40},"end":{"line":150,"column":null}},"type":"cond-expr","locations":[{"start":{"line":150,"column":95},"end":{"line":150,"column":107}},{"start":{"line":150,"column":107},"end":{"line":150,"column":null}}],"line":150},"27":{"loc":{"start":{"line":151,"column":35},"end":{"line":151,"column":null}},"type":"cond-expr","locations":[{"start":{"line":151,"column":90},"end":{"line":151,"column":102}},{"start":{"line":151,"column":102},"end":{"line":151,"column":null}}],"line":151},"28":{"loc":{"start":{"line":164,"column":46},"end":{"line":164,"column":92}},"type":"binary-expr","locations":[{"start":{"line":164,"column":46},"end":{"line":164,"column":90}},{"start":{"line":164,"column":90},"end":{"line":164,"column":92}}],"line":164}},"s":{"0":1,"1":1,"2":1,"3":1,"4":6,"5":0,"6":6,"7":0,"8":6,"9":11,"10":11,"11":11,"12":11,"13":6,"14":6,"15":5,"16":6,"17":5,"18":3,"19":0,"20":5,"21":5,"22":11,"23":6,"24":5,"25":5,"26":4,"27":11,"28":16,"29":3},"f":{"0":6,"1":11,"2":6,"3":6,"4":3,"5":0,"6":16,"7":3},"b":{"0":[0,6],"1":[0,6],"2":[4,1],"3":[5,4],"4":[5,1],"5":[6,5],"6":[3,3],"7":[0,0,0],"8":[0,0,0],"9":[6,5],"10":[1,4],"11":[4,0],"12":[11,0],"13":[11,0],"14":[11,0],"15":[16,4],"16":[3,1],"17":[3,0],"18":[3,0],"19":[3,0],"20":[3,0],"21":[3,0],"22":[3,0],"23":[3,0],"24":[3,0],"25":[11,4],"26":[4,0],"27":[4,0],"28":[4,0]},"meta":{"lastBranch":29,"lastFunction":8,"lastStatement":30,"seen":{"s:4:12:4:22":0,"s:5:17:5:Infinity":1,"s:6:22:6:Infinity":2,"s:7:24:7:70":3,"f:9:9:9:21":0,"b:10:4:10:Infinity:undefined:undefined:undefined:undefined":0,"s:10:4:10:Infinity":4,"s:10:16:10:Infinity":5,"b:11:4:11:Infinity:undefined:undefined:undefined:undefined":1,"s:11:4:11:Infinity":6,"s:11:29:11:Infinity":7,"s:12:4:12:Infinity":8,"f:15:24:15:41":1,"s:16:22:16:52":9,"s:17:24:17:54":10,"s:18:20:18:48":11,"s:20:4:36:Infinity":12,"f:20:4:20:20":2,"s:21:8:35:Infinity":13,"f:21:9:21:21":3,"s:22:37:25:14":14,"s:26:12:26:Infinity":15,"b:26:64:26:75:26:75:26:80":2,"b:26:25:26:53:26:53:26:64":3,"b:28:12:32:Infinity:undefined:undefined:undefined:undefined":4,"s:28:12:32:Infinity":16,"b:28:16:28:50:28:50:28:66":5,"s:29:35:31:129":17,"f:30:21:30:28":4,"s:30:33:30:81":18,"b:30:33:30:65:30:65:30:81":6,"f:31:21:31:27":5,"s:31:30:31:128":19,"b:31:37:31:54:31:54:31:72:31:72:31:76":7,"b:31:90:31:107:31:107:31:125:31:125:31:128":8,"s:32:16:32:Infinity":20,"s:34:12:34:Infinity":21,"b:38:4:38:Infinity:undefined:undefined:undefined:undefined":9,"s:38:4:38:Infinity":22,"s:38:17:38:Infinity":23,"b:39:4:39:Infinity:undefined:undefined:undefined:undefined":10,"s:39:4:39:Infinity":24,"s:39:20:39:Infinity":25,"s:41:18:46:Infinity":26,"b:43:56:43:82:43:82:43:84":11,"b:44:40:44:75:44:75:44:77":12,"b:44:89:44:124:44:124:44:126":13,"b:44:129:44:165:44:165:44:167":14,"s:48:4:170:Infinity":27,"f:64:23:64:28":6,"s:65:20:73:Infinity":28,"b:72:25:72:37:72:37:72:Infinity":15,"b:78:16:130:17:130:16:136:Infinity":16,"f:101:45:101:49":7,"s:102:36:123:Infinity":29,"b:104:59:104:79:104:79:104:97":17,"b:104:114:104:131:104:131:104:Infinity":18,"b:106:78:106:99:106:99:106:108":19,"b:109:45:109:69:109:69:109:Infinity":20,"b:112:55:112:75:112:75:112:77":21,"b:117:98:117:110:117:110:117:Infinity":22,"b:118:93:118:105:118:105:118:Infinity":23,"b:120:49:120:71:120:71:120:Infinity":24,"b:140:13:140:Infinity:141:16:166:Infinity":25,"b:150:95:150:107:150:107:150:Infinity":26,"b:151:90:151:102:151:102:151:Infinity":27,"b:164:46:164:90:164:90:164:92":28},"fnNames":{}}}
,"C:\\Users\\llere\\OneDrive\\Escritorio\\pichangaGo\\pichangago-frontend\\src\\components\\dueno\\PerfilDueno.jsx": {"path":"C:\\Users\\llere\\OneDrive\\Escritorio\\pichangaGo\\pichangago-frontend\\src\\components\\dueno\\PerfilDueno.jsx","statementMap":{"0":{"start":{"line":5,"column":19},"end":{"line":10,"column":null}},"1":{"start":{"line":12,"column":6},"end":{"line":18,"column":null}},"2":{"start":{"line":13,"column":4},"end":{"line":13,"column":null}},"3":{"start":{"line":13,"column":24},"end":{"line":13,"column":null}},"4":{"start":{"line":14,"column":19},"end":{"line":14,"column":34}},"5":{"start":{"line":15,"column":4},"end":{"line":15,"column":null}},"6":{"start":{"line":15,"column":27},"end":{"line":15,"column":null}},"7":{"start":{"line":16,"column":4},"end":{"line":16,"column":null}},"8":{"start":{"line":16,"column":27},"end":{"line":16,"column":null}},"9":{"start":{"line":17,"column":4},"end":{"line":17,"column":null}},"10":{"start":{"line":17,"column":27},"end":{"line":17,"column":null}},"11":{"start":{"line":18,"column":4},"end":{"line":18,"column":null}},"12":{"start":{"line":22,"column":21},"end":{"line":22,"column":50}},"13":{"start":{"line":23,"column":22},"end":{"line":23,"column":52}},"14":{"start":{"line":24,"column":17},"end":{"line":24,"column":126}},"15":{"start":{"line":25,"column":16},"end":{"line":25,"column":59}},"16":{"start":{"line":26,"column":22},"end":{"line":26,"column":53}},"17":{"start":{"line":27,"column":29},"end":{"line":27,"column":67}},"18":{"start":{"line":29,"column":4},"end":{"line":29,"column":null}},"19":{"start":{"line":29,"column":22},"end":{"line":29,"column":41}},"20":{"start":{"line":31,"column":25},"end":{"line":67,"column":null}},"21":{"start":{"line":32,"column":36},"end":{"line":35,"column":10}},"22":{"start":{"line":37,"column":8},"end":{"line":54,"column":null}},"23":{"start":{"line":38,"column":12},"end":{"line":38,"column":null}},"24":{"start":{"line":39,"column":12},"end":{"line":44,"column":null}},"25":{"start":{"line":39,"column":29},"end":{"line":44,"column":15}},"26":{"start":{"line":45,"column":28},"end":{"line":51,"column":null}},"27":{"start":{"line":52,"column":12},"end":{"line":52,"column":null}},"28":{"start":{"line":54,"column":12},"end":{"line":54,"column":null}},"29":{"start":{"line":57,"column":8},"end":{"line":67,"column":null}},"30":{"start":{"line":58,"column":12},"end":{"line":58,"column":null}},"31":{"start":{"line":59,"column":12},"end":{"line":65,"column":null}},"32":{"start":{"line":59,"column":29},"end":{"line":65,"column":15}},"33":{"start":{"line":67,"column":12},"end":{"line":67,"column":null}},"34":{"start":{"line":71,"column":10},"end":{"line":71,"column":89}},"35":{"start":{"line":71,"column":43},"end":{"line":71,"column":89}},"36":{"start":{"line":71,"column":60},"end":{"line":71,"column":89}},"37":{"start":{"line":73,"column":10},"end":{"line":83,"column":10}},"38":{"start":{"line":74,"column":8},"end":{"line":74,"column":null}},"39":{"start":{"line":74,"column":34},"end":{"line":74,"column":null}},"40":{"start":{"line":75,"column":8},"end":{"line":82,"column":null}},"41":{"start":{"line":76,"column":25},"end":{"line":76,"column":null}},"42":{"start":{"line":77,"column":12},"end":{"line":79,"column":null}},"43":{"start":{"line":78,"column":30},"end":{"line":78,"column":50}},"44":{"start":{"line":79,"column":16},"end":{"line":79,"column":null}},"45":{"start":{"line":79,"column":27},"end":{"line":79,"column":null}},"46":{"start":{"line":81,"column":12},"end":{"line":81,"column":null}},"47":{"start":{"line":85,"column":10},"end":{"line":85,"column":78}},"48":{"start":{"line":85,"column":55},"end":{"line":85,"column":73}},"49":{"start":{"line":87,"column":25},"end":{"line":155,"column":null}},"50":{"start":{"line":88,"column":8},"end":{"line":88,"column":null}},"51":{"start":{"line":89,"column":8},"end":{"line":89,"column":null}},"52":{"start":{"line":91,"column":31},"end":{"line":91,"column":33}},"53":{"start":{"line":92,"column":8},"end":{"line":92,"column":null}},"54":{"start":{"line":92,"column":54},"end":{"line":92,"column":null}},"55":{"start":{"line":93,"column":8},"end":{"line":93,"column":null}},"56":{"start":{"line":93,"column":58},"end":{"line":93,"column":null}},"57":{"start":{"line":94,"column":8},"end":{"line":94,"column":null}},"58":{"start":{"line":94,"column":58},"end":{"line":94,"column":null}},"59":{"start":{"line":96,"column":28},"end":{"line":96,"column":30}},"60":{"start":{"line":97,"column":8},"end":{"line":97,"column":null}},"61":{"start":{"line":97,"column":49},"end":{"line":97,"column":null}},"62":{"start":{"line":98,"column":8},"end":{"line":98,"column":null}},"63":{"start":{"line":98,"column":66},"end":{"line":98,"column":null}},"64":{"start":{"line":99,"column":8},"end":{"line":99,"column":null}},"65":{"start":{"line":99,"column":49},"end":{"line":99,"column":null}},"66":{"start":{"line":100,"column":8},"end":{"line":100,"column":null}},"67":{"start":{"line":100,"column":67},"end":{"line":100,"column":null}},"68":{"start":{"line":102,"column":8},"end":{"line":103,"column":null}},"69":{"start":{"line":103,"column":12},"end":{"line":103,"column":null}},"70":{"start":{"line":106,"column":8},"end":{"line":107,"column":null}},"71":{"start":{"line":107,"column":12},"end":{"line":107,"column":null}},"72":{"start":{"line":110,"column":8},"end":{"line":121,"column":null}},"73":{"start":{"line":111,"column":12},"end":{"line":112,"column":null}},"74":{"start":{"line":112,"column":16},"end":{"line":112,"column":null}},"75":{"start":{"line":114,"column":12},"end":{"line":115,"column":null}},"76":{"start":{"line":115,"column":16},"end":{"line":115,"column":null}},"77":{"start":{"line":117,"column":12},"end":{"line":118,"column":null}},"78":{"start":{"line":118,"column":16},"end":{"line":118,"column":null}},"79":{"start":{"line":120,"column":12},"end":{"line":121,"column":null}},"80":{"start":{"line":121,"column":16},"end":{"line":121,"column":null}},"81":{"start":{"line":125,"column":8},"end":{"line":125,"column":null}},"82":{"start":{"line":127,"column":29},"end":{"line":127,"column":31}},"83":{"start":{"line":128,"column":8},"end":{"line":128,"column":null}},"84":{"start":{"line":128,"column":35},"end":{"line":128,"column":null}},"85":{"start":{"line":129,"column":8},"end":{"line":129,"column":null}},"86":{"start":{"line":129,"column":37},"end":{"line":129,"column":null}},"87":{"start":{"line":130,"column":8},"end":{"line":130,"column":null}},"88":{"start":{"line":130,"column":37},"end":{"line":130,"column":null}},"89":{"start":{"line":132,"column":31},"end":{"line":134,"column":16}},"90":{"start":{"line":136,"column":22},"end":{"line":136,"column":24}},"91":{"start":{"line":138,"column":8},"end":{"line":140,"column":null}},"92":{"start":{"line":139,"column":23},"end":{"line":139,"column":77}},"93":{"start":{"line":140,"column":12},"end":{"line":140,"column":null}},"94":{"start":{"line":140,"column":41},"end":{"line":140,"column":null}},"95":{"start":{"line":143,"column":8},"end":{"line":145,"column":null}},"96":{"start":{"line":144,"column":23},"end":{"line":144,"column":84}},"97":{"start":{"line":145,"column":12},"end":{"line":145,"column":null}},"98":{"start":{"line":145,"column":41},"end":{"line":145,"column":null}},"99":{"start":{"line":148,"column":8},"end":{"line":148,"column":null}},"100":{"start":{"line":150,"column":8},"end":{"line":155,"column":null}},"101":{"start":{"line":151,"column":12},"end":{"line":151,"column":null}},"102":{"start":{"line":153,"column":12},"end":{"line":153,"column":null}},"103":{"start":{"line":154,"column":12},"end":{"line":154,"column":null}},"104":{"start":{"line":155,"column":12},"end":{"line":155,"column":null}},"105":{"start":{"line":155,"column":30},"end":{"line":155,"column":null}},"106":{"start":{"line":159,"column":27},"end":{"line":159,"column":null}},"107":{"start":{"line":160,"column":22},"end":{"line":160,"column":null}},"108":{"start":{"line":161,"column":18},"end":{"line":161,"column":null}},"109":{"start":{"line":162,"column":21},"end":{"line":162,"column":null}},"110":{"start":{"line":163,"column":24},"end":{"line":163,"column":null}},"111":{"start":{"line":165,"column":22},"end":{"line":165,"column":null}},"112":{"start":{"line":166,"column":26},"end":{"line":166,"column":null}},"113":{"start":{"line":168,"column":4},"end":{"line":311,"column":null}},"114":{"start":{"line":213,"column":43},"end":{"line":213,"column":85}},"115":{"start":{"line":219,"column":43},"end":{"line":219,"column":87}},"116":{"start":{"line":227,"column":39},"end":{"line":227,"column":115}},"117":{"start":{"line":235,"column":57},"end":{"line":235,"column":91}},"118":{"start":{"line":235,"column":85},"end":{"line":235,"column":91}},"119":{"start":{"line":250,"column":43},"end":{"line":250,"column":114}},"120":{"start":{"line":257,"column":43},"end":{"line":257,"column":90}},"121":{"start":{"line":265,"column":43},"end":{"line":265,"column":80}},"122":{"start":{"line":281,"column":43},"end":{"line":281,"column":78}}},"fnMap":{"0":{"name":"(anonymous_0)","decl":{"start":{"line":12,"column":6},"end":{"line":12,"column":23}},"loc":{"start":{"line":12,"column":31},"end":{"line":18,"column":null}},"line":12},"1":{"name":"PerfilDueno","decl":{"start":{"line":21,"column":24},"end":{"line":21,"column":36}},"loc":{"start":{"line":21,"column":79},"end":{"line":311,"column":null}},"line":21},"2":{"name":"(anonymous_2)","decl":{"start":{"line":29,"column":4},"end":{"line":29,"column":20}},"loc":{"start":{"line":29,"column":20},"end":{"line":29,"column":42}},"line":29},"3":{"name":"(anonymous_3)","decl":{"start":{"line":31,"column":25},"end":{"line":31,"column":37}},"loc":{"start":{"line":31,"column":37},"end":{"line":67,"column":null}},"line":31},"4":{"name":"(anonymous_4)","decl":{"start":{"line":39,"column":12},"end":{"line":39,"column":20}},"loc":{"start":{"line":39,"column":29},"end":{"line":44,"column":15}},"line":39},"5":{"name":"(anonymous_5)","decl":{"start":{"line":59,"column":12},"end":{"line":59,"column":20}},"loc":{"start":{"line":59,"column":29},"end":{"line":65,"column":15}},"line":59},"6":{"name":"(anonymous_6)","decl":{"start":{"line":71,"column":10},"end":{"line":71,"column":26}},"loc":{"start":{"line":71,"column":43},"end":{"line":71,"column":89}},"line":71},"7":{"name":"(anonymous_7)","decl":{"start":{"line":71,"column":43},"end":{"line":71,"column":51}},"loc":{"start":{"line":71,"column":60},"end":{"line":71,"column":89}},"line":71},"8":{"name":"(anonymous_8)","decl":{"start":{"line":73,"column":28},"end":{"line":73,"column":41}},"loc":{"start":{"line":73,"column":51},"end":{"line":83,"column":9}},"line":73},"9":{"name":"(anonymous_9)","decl":{"start":{"line":75,"column":8},"end":{"line":75,"column":16}},"loc":{"start":{"line":75,"column":24},"end":{"line":82,"column":null}},"line":75},"10":{"name":"(anonymous_10)","decl":{"start":{"line":85,"column":34},"end":{"line":85,"column":47}},"loc":{"start":{"line":85,"column":55},"end":{"line":85,"column":73}},"line":85},"11":{"name":"(anonymous_11)","decl":{"start":{"line":87,"column":25},"end":{"line":87,"column":32}},"loc":{"start":{"line":87,"column":38},"end":{"line":155,"column":null}},"line":87},"12":{"name":"(anonymous_12)","decl":{"start":{"line":213,"column":28},"end":{"line":213,"column":38}},"loc":{"start":{"line":213,"column":43},"end":{"line":213,"column":85}},"line":213},"13":{"name":"(anonymous_13)","decl":{"start":{"line":219,"column":28},"end":{"line":219,"column":38}},"loc":{"start":{"line":219,"column":43},"end":{"line":219,"column":87}},"line":219},"14":{"name":"(anonymous_14)","decl":{"start":{"line":227,"column":24},"end":{"line":227,"column":34}},"loc":{"start":{"line":227,"column":39},"end":{"line":227,"column":115}},"line":227},"15":{"name":"(anonymous_15)","decl":{"start":{"line":235,"column":42},"end":{"line":235,"column":57}},"loc":{"start":{"line":235,"column":57},"end":{"line":235,"column":91}},"line":235},"16":{"name":"(anonymous_16)","decl":{"start":{"line":235,"column":57},"end":{"line":235,"column":77}},"loc":{"start":{"line":235,"column":85},"end":{"line":235,"column":91}},"line":235},"17":{"name":"(anonymous_17)","decl":{"start":{"line":250,"column":28},"end":{"line":250,"column":38}},"loc":{"start":{"line":250,"column":43},"end":{"line":250,"column":114}},"line":250},"18":{"name":"(anonymous_18)","decl":{"start":{"line":257,"column":28},"end":{"line":257,"column":38}},"loc":{"start":{"line":257,"column":43},"end":{"line":257,"column":90}},"line":257},"19":{"name":"(anonymous_19)","decl":{"start":{"line":265,"column":28},"end":{"line":265,"column":38}},"loc":{"start":{"line":265,"column":43},"end":{"line":265,"column":80}},"line":265},"20":{"name":"(anonymous_20)","decl":{"start":{"line":281,"column":28},"end":{"line":281,"column":38}},"loc":{"start":{"line":281,"column":43},"end":{"line":281,"column":78}},"line":281}},"branchMap":{"0":{"loc":{"start":{"line":13,"column":4},"end":{"line":13,"column":null}},"type":"if","locations":[{"start":{"line":13,"column":4},"end":{"line":13,"column":null}},{"start":{},"end":{}}],"line":13},"1":{"loc":{"start":{"line":15,"column":4},"end":{"line":15,"column":null}},"type":"if","locations":[{"start":{"line":15,"column":4},"end":{"line":15,"column":null}},{"start":{},"end":{}}],"line":15},"2":{"loc":{"start":{"line":16,"column":4},"end":{"line":16,"column":null}},"type":"if","locations":[{"start":{"line":16,"column":4},"end":{"line":16,"column":null}},{"start":{},"end":{}}],"line":16},"3":{"loc":{"start":{"line":17,"column":4},"end":{"line":17,"column":null}},"type":"if","locations":[{"start":{"line":17,"column":4},"end":{"line":17,"column":null}},{"start":{},"end":{}}],"line":17},"4":{"loc":{"start":{"line":37,"column":8},"end":{"line":54,"column":null}},"type":"if","locations":[{"start":{"line":37,"column":8},"end":{"line":54,"column":null}},{"start":{"line":53,"column":15},"end":{"line":54,"column":null}}],"line":37},"5":{"loc":{"start":{"line":41,"column":24},"end":{"line":41,"column":null}},"type":"binary-expr","locations":[{"start":{"line":41,"column":24},"end":{"line":41,"column":47}},{"start":{"line":41,"column":47},"end":{"line":41,"column":null}}],"line":41},"6":{"loc":{"start":{"line":42,"column":26},"end":{"line":42,"column":null}},"type":"binary-expr","locations":[{"start":{"line":42,"column":26},"end":{"line":42,"column":51}},{"start":{"line":42,"column":51},"end":{"line":42,"column":null}}],"line":42},"7":{"loc":{"start":{"line":43,"column":26},"end":{"line":43,"column":null}},"type":"binary-expr","locations":[{"start":{"line":43,"column":26},"end":{"line":43,"column":51}},{"start":{"line":43,"column":51},"end":{"line":43,"column":null}}],"line":43},"8":{"loc":{"start":{"line":57,"column":8},"end":{"line":67,"column":null}},"type":"if","locations":[{"start":{"line":57,"column":8},"end":{"line":67,"column":null}},{"start":{"line":66,"column":15},"end":{"line":67,"column":null}}],"line":57},"9":{"loc":{"start":{"line":61,"column":21},"end":{"line":61,"column":null}},"type":"binary-expr","locations":[{"start":{"line":61,"column":21},"end":{"line":61,"column":42}},{"start":{"line":61,"column":42},"end":{"line":61,"column":null}}],"line":61},"10":{"loc":{"start":{"line":62,"column":29},"end":{"line":62,"column":null}},"type":"binary-expr","locations":[{"start":{"line":62,"column":29},"end":{"line":62,"column":59}},{"start":{"line":62,"column":59},"end":{"line":62,"column":null}}],"line":62},"11":{"loc":{"start":{"line":63,"column":21},"end":{"line":63,"column":null}},"type":"binary-expr","locations":[{"start":{"line":63,"column":21},"end":{"line":63,"column":42}},{"start":{"line":63,"column":42},"end":{"line":63,"column":null}}],"line":63},"12":{"loc":{"start":{"line":64,"column":23},"end":{"line":64,"column":null}},"type":"binary-expr","locations":[{"start":{"line":64,"column":23},"end":{"line":64,"column":46}},{"start":{"line":64,"column":46},"end":{"line":64,"column":null}}],"line":64},"13":{"loc":{"start":{"line":74,"column":8},"end":{"line":74,"column":null}},"type":"if","locations":[{"start":{"line":74,"column":8},"end":{"line":74,"column":null}},{"start":{},"end":{}}],"line":74},"14":{"loc":{"start":{"line":77,"column":12},"end":{"line":79,"column":null}},"type":"if","locations":[{"start":{"line":77,"column":12},"end":{"line":79,"column":null}},{"start":{},"end":{}}],"line":77},"15":{"loc":{"start":{"line":79,"column":16},"end":{"line":79,"column":null}},"type":"if","locations":[{"start":{"line":79,"column":16},"end":{"line":79,"column":null}},{"start":{},"end":{}}],"line":79},"16":{"loc":{"start":{"line":92,"column":8},"end":{"line":92,"column":null}},"type":"if","locations":[{"start":{"line":92,"column":8},"end":{"line":92,"column":null}},{"start":{},"end":{}}],"line":92},"17":{"loc":{"start":{"line":92,"column":29},"end":{"line":92,"column":54}},"type":"binary-expr","locations":[{"start":{"line":92,"column":29},"end":{"line":92,"column":49}},{"start":{"line":92,"column":49},"end":{"line":92,"column":54}}],"line":92},"18":{"loc":{"start":{"line":93,"column":8},"end":{"line":93,"column":null}},"type":"if","locations":[{"start":{"line":93,"column":8},"end":{"line":93,"column":null}},{"start":{},"end":{}}],"line":93},"19":{"loc":{"start":{"line":93,"column":31},"end":{"line":93,"column":58}},"type":"binary-expr","locations":[{"start":{"line":93,"column":31},"end":{"line":93,"column":53}},{"start":{"line":93,"column":53},"end":{"line":93,"column":58}}],"line":93},"20":{"loc":{"start":{"line":94,"column":8},"end":{"line":94,"column":null}},"type":"if","locations":[{"start":{"line":94,"column":8},"end":{"line":94,"column":null}},{"start":{},"end":{}}],"line":94},"21":{"loc":{"start":{"line":94,"column":31},"end":{"line":94,"column":58}},"type":"binary-expr","locations":[{"start":{"line":94,"column":31},"end":{"line":94,"column":53}},{"start":{"line":94,"column":53},"end":{"line":94,"column":58}}],"line":94},"22":{"loc":{"start":{"line":97,"column":8},"end":{"line":97,"column":null}},"type":"if","locations":[{"start":{"line":97,"column":8},"end":{"line":97,"column":null}},{"start":{},"end":{}}],"line":97},"23":{"loc":{"start":{"line":97,"column":26},"end":{"line":97,"column":49}},"type":"binary-expr","locations":[{"start":{"line":97,"column":26},"end":{"line":97,"column":44}},{"start":{"line":97,"column":44},"end":{"line":97,"column":49}}],"line":97},"24":{"loc":{"start":{"line":98,"column":8},"end":{"line":98,"column":null}},"type":"if","locations":[{"start":{"line":98,"column":8},"end":{"line":98,"column":null}},{"start":{},"end":{}}],"line":98},"25":{"loc":{"start":{"line":98,"column":34},"end":{"line":98,"column":66}},"type":"binary-expr","locations":[{"start":{"line":98,"column":34},"end":{"line":98,"column":61}},{"start":{"line":98,"column":61},"end":{"line":98,"column":66}}],"line":98},"26":{"loc":{"start":{"line":99,"column":8},"end":{"line":99,"column":null}},"type":"if","locations":[{"start":{"line":99,"column":8},"end":{"line":99,"column":null}},{"start":{},"end":{}}],"line":99},"27":{"loc":{"start":{"line":99,"column":26},"end":{"line":99,"column":49}},"type":"binary-expr","locations":[{"start":{"line":99,"column":26},"end":{"line":99,"column":44}},{"start":{"line":99,"column":44},"end":{"line":99,"column":49}}],"line":99},"28":{"loc":{"start":{"line":100,"column":8},"end":{"line":100,"column":null}},"type":"if","locations":[{"start":{"line":100,"column":8},"end":{"line":100,"column":null}},{"start":{},"end":{}}],"line":100},"29":{"loc":{"start":{"line":100,"column":12},"end":{"line":100,"column":67}},"type":"binary-expr","locations":[{"start":{"line":100,"column":12},"end":{"line":100,"column":26}},{"start":{"line":100,"column":26},"end":{"line":100,"column":67}}],"line":100},"30":{"loc":{"start":{"line":100,"column":42},"end":{"line":100,"column":67}},"type":"binary-expr","locations":[{"start":{"line":100,"column":42},"end":{"line":100,"column":62}},{"start":{"line":100,"column":62},"end":{"line":100,"column":67}}],"line":100},"31":{"loc":{"start":{"line":102,"column":8},"end":{"line":103,"column":null}},"type":"if","locations":[{"start":{"line":102,"column":8},"end":{"line":103,"column":null}},{"start":{},"end":{}}],"line":102},"32":{"loc":{"start":{"line":102,"column":12},"end":{"line":102,"column":95}},"type":"binary-expr","locations":[{"start":{"line":102,"column":12},"end":{"line":102,"column":56}},{"start":{"line":102,"column":56},"end":{"line":102,"column":95}}],"line":102},"33":{"loc":{"start":{"line":106,"column":8},"end":{"line":107,"column":null}},"type":"if","locations":[{"start":{"line":106,"column":8},"end":{"line":107,"column":null}},{"start":{},"end":{}}],"line":106},"34":{"loc":{"start":{"line":106,"column":12},"end":{"line":106,"column":79}},"type":"binary-expr","locations":[{"start":{"line":106,"column":12},"end":{"line":106,"column":39}},{"start":{"line":106,"column":39},"end":{"line":106,"column":79}}],"line":106},"35":{"loc":{"start":{"line":110,"column":8},"end":{"line":121,"column":null}},"type":"if","locations":[{"start":{"line":110,"column":8},"end":{"line":121,"column":null}},{"start":{},"end":{}}],"line":110},"36":{"loc":{"start":{"line":111,"column":12},"end":{"line":112,"column":null}},"type":"if","locations":[{"start":{"line":111,"column":12},"end":{"line":112,"column":null}},{"start":{},"end":{}}],"line":111},"37":{"loc":{"start":{"line":111,"column":16},"end":{"line":111,"column":74}},"type":"binary-expr","locations":[{"start":{"line":111,"column":16},"end":{"line":111,"column":35}},{"start":{"line":111,"column":35},"end":{"line":111,"column":74}}],"line":111},"38":{"loc":{"start":{"line":114,"column":12},"end":{"line":115,"column":null}},"type":"if","locations":[{"start":{"line":114,"column":12},"end":{"line":115,"column":null}},{"start":{},"end":{}}],"line":114},"39":{"loc":{"start":{"line":114,"column":16},"end":{"line":114,"column":68}},"type":"binary-expr","locations":[{"start":{"line":114,"column":16},"end":{"line":114,"column":35}},{"start":{"line":114,"column":35},"end":{"line":114,"column":68}}],"line":114},"40":{"loc":{"start":{"line":117,"column":12},"end":{"line":118,"column":null}},"type":"if","locations":[{"start":{"line":117,"column":12},"end":{"line":118,"column":null}},{"start":{},"end":{}}],"line":117},"41":{"loc":{"start":{"line":117,"column":16},"end":{"line":117,"column":76}},"type":"binary-expr","locations":[{"start":{"line":117,"column":16},"end":{"line":117,"column":30}},{"start":{"line":117,"column":30},"end":{"line":117,"column":76}}],"line":117},"42":{"loc":{"start":{"line":118,"column":124},"end":{"line":118,"column":173}},"type":"binary-expr","locations":[{"start":{"line":118,"column":124},"end":{"line":118,"column":155}},{"start":{"line":118,"column":159},"end":{"line":118,"column":173}}],"line":118},"43":{"loc":{"start":{"line":120,"column":12},"end":{"line":121,"column":null}},"type":"if","locations":[{"start":{"line":120,"column":12},"end":{"line":121,"column":null}},{"start":{},"end":{}}],"line":120},"44":{"loc":{"start":{"line":120,"column":16},"end":{"line":120,"column":86}},"type":"binary-expr","locations":[{"start":{"line":120,"column":16},"end":{"line":120,"column":31}},{"start":{"line":120,"column":31},"end":{"line":120,"column":55}},{"start":{"line":120,"column":55},"end":{"line":120,"column":86}}],"line":120},"45":{"loc":{"start":{"line":128,"column":8},"end":{"line":128,"column":null}},"type":"if","locations":[{"start":{"line":128,"column":8},"end":{"line":128,"column":null}},{"start":{},"end":{}}],"line":128},"46":{"loc":{"start":{"line":129,"column":8},"end":{"line":129,"column":null}},"type":"if","locations":[{"start":{"line":129,"column":8},"end":{"line":129,"column":null}},{"start":{},"end":{}}],"line":129},"47":{"loc":{"start":{"line":130,"column":8},"end":{"line":130,"column":null}},"type":"if","locations":[{"start":{"line":130,"column":8},"end":{"line":130,"column":null}},{"start":{},"end":{}}],"line":130},"48":{"loc":{"start":{"line":132,"column":31},"end":{"line":134,"column":16}},"type":"cond-expr","locations":[{"start":{"line":133,"column":14},"end":{"line":133,"column":null}},{"start":{"line":134,"column":14},"end":{"line":134,"column":16}}],"line":132},"49":{"loc":{"start":{"line":133,"column":81},"end":{"line":133,"column":123}},"type":"cond-expr","locations":[{"start":{"line":133,"column":94},"end":{"line":133,"column":115}},{"start":{"line":133,"column":118},"end":{"line":133,"column":123}}],"line":133},"50":{"loc":{"start":{"line":138,"column":8},"end":{"line":140,"column":null}},"type":"if","locations":[{"start":{"line":138,"column":8},"end":{"line":140,"column":null}},{"start":{},"end":{}}],"line":138},"51":{"loc":{"start":{"line":140,"column":12},"end":{"line":140,"column":null}},"type":"if","locations":[{"start":{"line":140,"column":12},"end":{"line":140,"column":null}},{"start":{},"end":{}}],"line":140},"52":{"loc":{"start":{"line":140,"column":54},"end":{"line":140,"column":116}},"type":"binary-expr","locations":[{"start":{"line":140,"column":54},"end":{"line":140,"column":68}},{"start":{"line":140,"column":68},"end":{"line":140,"column":80}},{"start":{"line":140,"column":80},"end":{"line":140,"column":116}}],"line":140},"53":{"loc":{"start":{"line":143,"column":8},"end":{"line":145,"column":null}},"type":"if","locations":[{"start":{"line":143,"column":8},"end":{"line":145,"column":null}},{"start":{},"end":{}}],"line":143},"54":{"loc":{"start":{"line":145,"column":12},"end":{"line":145,"column":null}},"type":"if","locations":[{"start":{"line":145,"column":12},"end":{"line":145,"column":null}},{"start":{},"end":{}}],"line":145},"55":{"loc":{"start":{"line":150,"column":8},"end":{"line":155,"column":null}},"type":"if","locations":[{"start":{"line":150,"column":8},"end":{"line":155,"column":null}},{"start":{"line":152,"column":15},"end":{"line":155,"column":null}}],"line":150},"56":{"loc":{"start":{"line":155,"column":12},"end":{"line":155,"column":null}},"type":"if","locations":[{"start":{"line":155,"column":12},"end":{"line":155,"column":null}},{"start":{},"end":{}}],"line":155},"57":{"loc":{"start":{"line":159,"column":27},"end":{"line":159,"column":null}},"type":"cond-expr","locations":[{"start":{"line":159,"column":38},"end":{"line":159,"column":98}},{"start":{"line":159,"column":101},"end":{"line":159,"column":null}}],"line":159},"58":{"loc":{"start":{"line":159,"column":41},"end":{"line":159,"column":63}},"type":"binary-expr","locations":[{"start":{"line":159,"column":41},"end":{"line":159,"column":60}},{"start":{"li
[...]
"line":109,"column":25},"end":{"line":109,"column":46}},"39":{"start":{"line":110,"column":12},"end":{"line":110,"column":null}},"40":{"start":{"line":112,"column":12},"end":{"line":112,"column":null}},"41":{"start":{"line":117,"column":25},"end":{"line":117,"column":82}},"42":{"start":{"line":118,"column":8},"end":{"line":118,"column":null}},"43":{"start":{"line":122,"column":25},"end":{"line":126,"column":10}},"44":{"start":{"line":127,"column":8},"end":{"line":127,"column":null}},"45":{"start":{"line":131,"column":25},"end":{"line":135,"column":10}},"46":{"start":{"line":136,"column":8},"end":{"line":136,"column":null}},"47":{"start":{"line":140,"column":25},"end":{"line":140,"column":75}},"48":{"start":{"line":141,"column":8},"end":{"line":141,"column":null}},"49":{"start":{"line":145,"column":25},"end":{"line":145,"column":96}},"50":{"start":{"line":146,"column":8},"end":{"line":146,"column":null}},"51":{"start":{"line":150,"column":25},"end":{"line":150,"column":81}},"52":{"start":{"line":151,"column":8},"end":{"line":151,"column":null}},"53":{"start":{"line":155,"column":25},"end":{"line":155,"column":63}},"54":{"start":{"line":156,"column":8},"end":{"line":156,"column":null}},"55":{"start":{"line":160,"column":25},"end":{"line":160,"column":121}},"56":{"start":{"line":161,"column":8},"end":{"line":161,"column":null}},"57":{"start":{"line":165,"column":25},"end":{"line":165,"column":78}},"58":{"start":{"line":166,"column":8},"end":{"line":166,"column":null}},"59":{"start":{"line":170,"column":25},"end":{"line":170,"column":76}},"60":{"start":{"line":171,"column":8},"end":{"line":171,"column":null}},"61":{"start":{"line":175,"column":25},"end":{"line":175,"column":96}},"62":{"start":{"line":176,"column":8},"end":{"line":176,"column":null}},"63":{"start":{"line":180,"column":23},"end":{"line":180,"column":44}},"64":{"start":{"line":181,"column":8},"end":{"line":181,"column":null}},"65":{"start":{"line":181,"column":33},"end":{"line":181,"column":null}},"66":{"start":{"line":182,"column":8},"end":{"line":182,"column":null}},"67":{"start":{"line":182,"column":33},"end":{"line":182,"column":null}},"68":{"start":{"line":183,"column":8},"end":{"line":183,"column":null}},"69":{"start":{"line":183,"column":28},"end":{"line":183,"column":null}},"70":{"start":{"line":184,"column":19},"end":{"line":184,"column":36}},"71":{"start":{"line":185,"column":25},"end":{"line":185,"column":93}},"72":{"start":{"line":186,"column":8},"end":{"line":186,"column":null}}},"fnMap":{"0":{"name":"(anonymous_0)","decl":{"start":{"line":3,"column":6},"end":{"line":3,"column":23}},"loc":{"start":{"line":3,"column":62},"end":{"line":11,"column":null}},"line":3},"1":{"name":"(anonymous_1)","decl":{"start":{"line":5,"column":25},"end":{"line":5,"column":34}},"loc":{"start":{"line":5,"column":51},"end":{"line":9,"column":null}},"line":5},"2":{"name":"(anonymous_2)","decl":{"start":{"line":15,"column":21},"end":{"line":15,"column":28}},"loc":{"start":{"line":15,"column":61},"end":{"line":21,"column":null}},"line":15},"3":{"name":"(anonymous_3)","decl":{"start":{"line":24,"column":23},"end":{"line":24,"column":35}},"loc":{"start":{"line":24,"column":35},"end":{"line":26,"column":null}},"line":24},"4":{"name":"(anonymous_4)","decl":{"start":{"line":29,"column":26},"end":{"line":29,"column":33}},"loc":{"start":{"line":29,"column":46},"end":{"line":31,"column":null}},"line":29},"5":{"name":"(anonymous_5)","decl":{"start":{"line":34,"column":18},"end":{"line":34,"column":25}},"loc":{"start":{"line":34,"column":93},"end":{"line":42,"column":null}},"line":34},"6":{"name":"(anonymous_6)","decl":{"start":{"line":45,"column":25},"end":{"line":45,"column":32}},"loc":{"start":{"line":45,"column":53},"end":{"line":51,"column":null}},"line":45},"7":{"name":"(anonymous_7)","decl":{"start":{"line":54,"column":18},"end":{"line":54,"column":25}},"loc":{"start":{"line":54,"column":36},"end":{"line":58,"column":null}},"line":54},"8":{"name":"(anonymous_8)","decl":{"start":{"line":61,"column":32},"end":{"line":61,"column":39}},"loc":{"start":{"line":61,"column":60},"end":{"line":67,"column":null}},"line":61},"9":{"name":"(anonymous_9)","decl":{"start":{"line":70,"column":29},"end":{"line":70,"column":41}},"loc":{"start":{"line":70,"column":41},"end":{"line":72,"column":null}},"line":70},"10":{"name":"(anonymous_10)","decl":{"start":{"line":75,"column":24},"end":{"line":75,"column":36}},"loc":{"start":{"line":75,"column":36},"end":{"line":77,"column":null}},"line":75},"11":{"name":"(anonymous_11)","decl":{"start":{"line":80,"column":27},"end":{"line":80,"column":34}},"loc":{"start":{"line":80,"column":44},"end":{"line":86,"column":null}},"line":80},"12":{"name":"(anonymous_12)","decl":{"start":{"line":89,"column":27},"end":{"line":89,"column":34}},"loc":{"start":{"line":89,"column":47},"end":{"line":91,"column":null}},"line":89},"13":{"name":"(anonymous_13)","decl":{"start":{"line":94,"column":31},"end":{"line":94,"column":38}},"loc":{"start":{"line":94,"column":66},"end":{"line":100,"column":null}},"line":94},"14":{"name":"(anonymous_14)","decl":{"start":{"line":103,"column":31},"end":{"line":103,"column":38}},"loc":{"start":{"line":103,"column":51},"end":{"line":112,"column":null}},"line":103},"15":{"name":"(anonymous_15)","decl":{"start":{"line":116,"column":25},"end":{"line":116,"column":32}},"loc":{"start":{"line":116,"column":42},"end":{"line":118,"column":null}},"line":116},"16":{"name":"(anonymous_16)","decl":{"start":{"line":121,"column":26},"end":{"line":121,"column":33}},"loc":{"start":{"line":121,"column":57},"end":{"line":127,"column":null}},"line":121},"17":{"name":"(anonymous_17)","decl":{"start":{"line":130,"column":21},"end":{"line":130,"column":28}},"loc":{"start":{"line":130,"column":52},"end":{"line":136,"column":null}},"line":130},"18":{"name":"(anonymous_18)","decl":{"start":{"line":139,"column":27},"end":{"line":139,"column":34}},"loc":{"start":{"line":139,"column":48},"end":{"line":141,"column":null}},"line":139},"19":{"name":"(anonymous_19)","decl":{"start":{"line":144,"column":26},"end":{"line":144,"column":33}},"loc":{"start":{"line":144,"column":49},"end":{"line":146,"column":null}},"line":144},"20":{"name":"(anonymous_20)","decl":{"start":{"line":149,"column":26},"end":{"line":149,"column":33}},"loc":{"start":{"line":149,"column":46},"end":{"line":151,"column":null}},"line":149},"21":{"name":"(anonymous_21)","decl":{"start":{"line":154,"column":22},"end":{"line":154,"column":34}},"loc":{"start":{"line":154,"column":34},"end":{"line":156,"column":null}},"line":154},"22":{"name":"(anonymous_22)","decl":{"start":{"line":159,"column":28},"end":{"line":159,"column":35}},"loc":{"start":{"line":159,"column":61},"end":{"line":161,"column":null}},"line":159},"23":{"name":"(anonymous_23)","decl":{"start":{"line":164,"column":27},"end":{"line":164,"column":39}},"loc":{"start":{"line":164,"column":39},"end":{"line":166,"column":null}},"line":164},"24":{"name":"(anonymous_24)","decl":{"start":{"line":169,"column":35},"end":{"line":169,"column":47}},"loc":{"start":{"line":169,"column":47},"end":{"line":171,"column":null}},"line":169},"25":{"name":"(anonymous_25)","decl":{"start":{"line":174,"column":34},"end":{"line":174,"column":41}},"loc":{"start":{"line":174,"column":55},"end":{"line":176,"column":null}},"line":174},"26":{"name":"(anonymous_26)","decl":{"start":{"line":179,"column":30},"end":{"line":179,"column":37}},"loc":{"start":{"line":179,"column":54},"end":{"line":186,"column":null}},"line":179}},"branchMap":{"0":{"loc":{"start":{"line":3,"column":35},"end":{"line":3,"column":62}},"type":"default-arg","locations":[{"start":{"line":3,"column":51},"end":{"line":3,"column":62}}],"line":3},"1":{"loc":{"start":{"line":6,"column":8},"end":{"line":7,"column":null}},"type":"if","locations":[{"start":{"line":6,"column":8},"end":{"line":7,"column":null}},{"start":{},"end":{}}],"line":6},"2":{"loc":{"start":{"line":6,"column":12},"end":{"line":6,"column":67}},"type":"binary-expr","locations":[{"start":{"line":6,"column":12},"end":{"line":6,"column":30}},{"start":{"line":6,"column":30},"end":{"line":6,"column":53}},{"start":{"line":6,"column":53},"end":{"line":6,"column":67}}],"line":6},"3":{"loc":{"start":{"line":10,"column":4},"end":{"line":10,"column":null}},"type":"if","locations":[{"start":{"line":10,"column":4},"end":{"line":10,"column":null}},{"start":{},"end":{}}],"line":10},"4":{"loc":{"start":{"line":15,"column":41},"end":{"line":15,"column":61}},"type":"default-arg","locations":[{"start":{"line":15,"column":52},"end":{"line":15,"column":61}}],"line":15},"5":{"loc":{"start":{"line":34,"column":48},"end":{"line":34,"column":65}},"type":"default-arg","locations":[{"start":{"line":34,"column":59},"end":{"line":34,"column":65}}],"line":34},"6":{"loc":{"start":{"line":34,"column":65},"end":{"line":34,"column":93}},"type":"default-arg","locations":[{"start":{"line":34,"column":84},"end":{"line":34,"column":93}}],"line":34},"7":{"loc":{"start":{"line":36,"column":8},"end":{"line":36,"column":null}},"type":"if","locations":[{"start":{"line":36,"column":8},"end":{"line":36,"column":null}},{"start":{},"end":{}}],"line":36},"8":{"loc":{"start":{"line":179,"column":37},"end":{"line":179,"column":49}},"type":"default-arg","locations":[{"start":{"line":179,"column":47},"end":{"line":179,"column":49}}],"line":179},"9":{"loc":{"start":{"line":181,"column":8},"end":{"line":181,"column":null}},"type":"if","locations":[{"start":{"line":181,"column":8},"end":{"line":181,"column":null}},{"start":{},"end":{}}],"line":181},"10":{"loc":{"start":{"line":182,"column":8},"end":{"line":182,"column":null}},"type":"if","locations":[{"start":{"line":182,"column":8},"end":{"line":182,"column":null}},{"start":{},"end":{}}],"line":182},"11":{"loc":{"start":{"line":183,"column":8},"end":{"line":183,"column":null}},"type":"if","locations":[{"start":{"line":183,"column":8},"end":{"line":183,"column":null}},{"start":{},"end":{}}],"line":183},"12":{"loc":{"start":{"line":185,"column":72},"end":{"line":185,"column":93}},"type":"cond-expr","locations":[{"start":{"line":185,"column":77},"end":{"line":185,"column":88}},{"start":{"line":185,"column":88},"end":{"line":185,"column":93}}],"line":185}},"s":{"0":1,"1":0,"2":0,"3":0,"4":0,"5":0,"6":0,"7":0,"8":1,"9":0,"10":0,"11":1,"12":1,"13":1,"14":1,"15":0,"16":0,"17":0,"18":0,"19":0,"20":1,"21":1,"22":0,"23":0,"24":0,"25":0,"26":1,"27":1,"28":1,"29":1,"30":1,"31":1,"32":1,"33":1,"34":1,"35":1,"36":2,"37":2,"38":1,"39":1,"40":1,"41":1,"42":1,"43":0,"44":0,"45":0,"46":0,"47":0,"48":0,"49":1,"50":1,"51":0,"52":0,"53":1,"54":1,"55":0,"56":0,"57":0,"58":0,"59":0,"60":0,"61":0,"62":0,"63":0,"64":0,"65":0,"66":0,"67":0,"68":0,"69":0,"70":0,"71":0,"72":0},"f":{"0":0,"1":0,"2":0,"3":1,"4":1,"5":0,"6":1,"7":0,"8":0,"9":1,"10":1,"11":1,"12":1,"13":1,"14":2,"15":1,"16":0,"17":0,"18":0,"19":1,"20":0,"21":1,"22":0,"23":0,"24":0,"25":0,"26":0},"b":{"0":[0],"1":[0,0],"2":[0,0,0],"3":[0,0],"4":[0],"5":[0],"6":[0],"7":[0,0],"8":[0],"9":[0,0],"10":[0,0],"11":[0,0],"12":[0,0]},"meta":{"lastBranch":13,"lastFunction":27,"lastStatement":73,"seen":{"s:3:6:11:Infinity":0,"f:3:6:3:23":0,"b:3:51:3:62":0,"s:4:21:4:35":1,"s:5:4:9:Infinity":2,"f:5:25:5:34":1,"b:6:8:7:Infinity:undefined:undefined:undefined:undefined":1,"s:6:8:7:Infinity":3,"b:6:12:6:30:6:30:6:53:6:53:6:67":2,"s:7:12:7:Infinity":4,"b:10:4:10:Infinity:undefined:undefined:undefined:undefined":3,"s:10:4:10:Infinity":5,"s:10:14:10:Infinity":6,"s:11:4:11:Infinity":7,"s:14:28:188:Infinity":8,"f:15:21:15:28":2,"b:15:52:15:61":4,"s:16:25:20:10":9,"s:21:8:21:Infinity":10,"f:24:23:24:35":3,"s:25:25:25:61":11,"s:26:8:26:Infinity":12,"f:29:26:29:33":4,"s:30:25:30:73":13,"s:31:8:31:Infinity":14,"f:34:18:34:25":5,"b:34:59:34:65":5,"b:34:84:34:93":6,"s:35:21:35:57":15,"b:36:8:36:Infinity:undefined:undefined:undefined:undefined":7,"s:36:8:36:Infinity":16,"s:36:30:36:Infinity":17,"s:37:25:41:10":18,"s:42:8:42:Infinity":19,"f:45:25:45:32":6,"s:46:25:50:10":20,"s:51:8:51:Infinity":21,"f:54:18:54:25":7,"s:55:25:57:10":22,"s:58:8:58:Infinity":23,"f:61:32:61:39":8,"s:62:25:66:10":24,"s:67:8:67:Infinity":25,"f:70:29:70:41":9,"s:71:25:71:71":26,"s:72:8:72:Infinity":27,"f:75:24:75:36":10,"s:76:25:76:60":28,"s:77:8:77:Infinity":29,"f:80:27:80:34":11,"s:81:25:85:10":30,"s:86:8:86:Infinity":31,"f:89:27:89:34":12,"s:90:25:90:82":32,"s:91:8:91:Infinity":33,"f:94:31:94:38":13,"s:95:25:99:10":34,"s:100:8:100:Infinity":35,"f:103:31:103:38":14,"s:104:8:112:Infinity":36,"s:105:29:108:14":37,"s:109:25:109:46":38,"s:110:12:110:Infinity":39,"s:112:12:112:Infinity":40,"f:116:25:116:32":15,"s:117:25:117:82":41,"s:118:8:118:Infinity":42,"f:121:26:121:33":16,"s:122:25:126:10":43,"s:127:8:127:Infinity":44,"f:130:21:130:28":17,"s:131:25:135:10":45,"s:136:8:136:Infinity":46,"f:139:27:139:34":18,"s:140:25:140:75":47,"s:141:8:141:Infinity":48,"f:144:26:144:33":19,"s:145:25:145:96":49,"s:146:8:146:Infinity":50,"f:149:26:149:33":20,"s:150:25:150:81":51,"s:151:8:151:Infinity":52,"f:154:22:154:34":21,"s:155:25:155:63":53,"s:156:8:156:Infinity":54,"f:159:28:159:35":22,"s:160:25:160:121":55,"s:161:8:161:Infinity":56,"f:164:27:164:39":23,"s:165:25:165:78":57,"s:166:8:166:Infinity":58,"f:169:35:169:47":24,"s:170:25:170:76":59,"s:171:8:171:Infinity":60,"f:174:34:174:41":25,"s:175:25:175:96":61,"s:176:8:176:Infinity":62,"f:179:30:179:37":26,"b:179:47:179:49":8,"s:180:23:180:44":63,"b:181:8:181:Infinity:undefined:undefined:undefined:undefined":9,"s:181:8:181:Infinity":64,"s:181:33:181:Infinity":65,"b:182:8:182:Infinity:undefined:undefined:undefined:undefined":10,"s:182:8:182:Infinity":66,"s:182:33:182:Infinity":67,"b:183:8:183:Infinity:undefined:undefined:undefined:undefined":11,"s:183:8:183:Infinity":68,"s:183:28:183:Infinity":69,"s:184:19:184:36":70,"s:185:25:185:93":71,"b:185:77:185:88:185:88:185:93":12,"s:186:8:186:Infinity":72},"fnNames":{}}}
,"C:\\Users\\llere\\OneDrive\\Escritorio\\pichangaGo\\pichangago-frontend\\src\\services\\localService.js": {"path":"C:\\Users\\llere\\OneDrive\\Escritorio\\pichangaGo\\pichangago-frontend\\src\\services\\localService.js","statementMap":{"0":{"start":{"line":3,"column":28},"end":{"line":31,"column":null}},"1":{"start":{"line":5,"column":25},"end":{"line":9,"column":10}},"2":{"start":{"line":10,"column":8},"end":{"line":10,"column":null}},"3":{"start":{"line":14,"column":25},"end":{"line":14,"column":61}},"4":{"start":{"line":15,"column":8},"end":{"line":15,"column":null}},"5":{"start":{"line":19,"column":25},"end":{"line":19,"column":72}},"6":{"start":{"line":20,"column":8},"end":{"line":20,"column":null}},"7":{"start":{"line":24,"column":25},"end":{"line":28,"column":10}},"8":{"start":{"line":29,"column":8},"end":{"line":29,"column":null}}},"fnMap":{"0":{"name":"(anonymous_0)","decl":{"start":{"line":4,"column":20},"end":{"line":4,"column":27}},"loc":{"start":{"line":4,"column":42},"end":{"line":10,"column":null}},"line":4},"1":{"name":"(anonymous_1)","decl":{"start":{"line":13,"column":22},"end":{"line":13,"column":34}},"loc":{"start":{"line":13,"column":34},"end":{"line":15,"column":null}},"line":13},"2":{"name":"(anonymous_2)","decl":{"start":{"line":18,"column":25},"end":{"line":18,"column":32}},"loc":{"start":{"line":18,"column":44},"end":{"line":20,"column":null}},"line":18},"3":{"name":"(anonymous_3)","decl":{"start":{"line":23,"column":17},"end":{"line":23,"column":24}},"loc":{"start":{"line":23,"column":48},"end":{"line":29,"column":null}},"line":23}},"branchMap":{},"s":{"0":1,"1":1,"2":1,"3":1,"4":1,"5":1,"6":1,"7":1,"8":1},"f":{"0":1,"1":1,"2":1,"3":1},"b":{},"meta":{"lastBranch":0,"lastFunction":4,"lastStatement":9,"seen":{"s:3:28:31:Infinity":0,"f:4:20:4:27":0,"s:5:25:9:10":1,"s:10:8:10:Infinity":2,"f:13:22:13:34":1,"s:14:25:14:61":3,"s:15:8:15:Infinity":4,"f:18:25:18:32":2,"s:19:25:19:72":5,"s:20:8:20:Infinity":6,"f:23:17:23:24":3,"s:24:25:28:10":7,"s:29:8:29:Infinity":8},"fnNames":{}}}
,"C:\\Users\\llere\\OneDrive\\Escritorio\\pichangaGo\\pichangago-frontend\\src\\utils\\imageUrl.js": {"path":"C:\\Users\\llere\\OneDrive\\Escritorio\\pichangaGo\\pichangago-frontend\\src\\utils\\imageUrl.js","statementMap":{"0":{"start":{"line":1,"column":16},"end":{"line":1,"column":null}},"1":{"start":{"line":3,"column":13},"end":{"line":6,"column":null}},"2":{"start":{"line":4,"column":2},"end":{"line":4,"column":null}},"3":{"start":{"line":4,"column":12},"end":{"line":4,"column":null}},"4":{"start":{"line":5,"column":2},"end":{"line":5,"column":null}},"5":{"start":{"line":5,"column":30},"end":{"line":5,"column":null}},"6":{"start":{"line":6,"column":2},"end":{"line":6,"column":null}}},"fnMap":{"0":{"name":"(anonymous_0)","decl":{"start":{"line":3,"column":13},"end":{"line":3,"column":28}},"loc":{"start":{"line":3,"column":36},"end":{"line":6,"column":null}},"line":3}},"branchMap":{"0":{"loc":{"start":{"line":1,"column":16},"end":{"line":1,"column":null}},"type":"binary-expr","locations":[{"start":{"line":1,"column":16},"end":{"line":1,"column":48}},{"start":{"line":1,"column":48},"end":{"line":1,"column":null}}],"line":1},"1":{"loc":{"start":{"line":4,"column":2},"end":{"line":4,"column":null}},"type":"if","locations":[{"start":{"line":4,"column":2},"end":{"line":4,"column":null}},{"start":{},"end":{}}],"line":4},"2":{"loc":{"start":{"line":5,"column":2},"end":{"line":5,"column":null}},"type":"if","locations":[{"start":{"line":5,"column":2},"end":{"line":5,"column":null}},{"start":{},"end":{}}],"line":5}},"s":{"0":3,"1":3,"2":60,"3":0,"4":60,"5":0,"6":60},"f":{"0":60},"b":{"0":[3,3],"1":[0,60],"2":[0,60]},"meta":{"lastBranch":3,"lastFunction":1,"lastStatement":7,"seen":{"s:1:16:1:Infinity":0,"b:1:16:1:48:1:48:1:Infinity":0,"s:3:13:6:Infinity":1,"f:3:13:3:28":0,"b:4:2:4:Infinity:undefined:undefined:undefined:undefined":1,"s:4:2:4:Infinity":2,"s:4:12:4:Infinity":3,"b:5:2:5:Infinity:undefined:undefined:undefined:undefined":2,"s:5:2:5:Infinity":4,"s:5:30:5:Infinity":5,"s:6:2:6:Infinity":6},"fnNames":{}}}
,"C:\\Users\\llere\\OneDrive\\Escritorio\\pichangaGo\\pichangago-frontend\\src\\utils\\validationErrors.js": {"path":"C:\\Users\\llere\\OneDrive\\Escritorio\\pichangaGo\\pichangago-frontend\\src\\utils\\validationErrors.js","statementMap":{"0":{"start":{"line":1,"column":13},"end":{"line":5,"column":null}},"1":{"start":{"line":2,"column":2},"end":{"line":3,"column":null}},"2":{"start":{"line":3,"column":4},"end":{"line":3,"column":null}},"3":{"start":{"line":3,"column":38},"end":{"line":3,"column":55}},"4":{"start":{"line":5,"column":2},"end":{"line":5,"column":null}}},"fnMap":{"0":{"name":"(anonymous_0)","decl":{"start":{"line":1,"column":13},"end":{"line":1,"column":39}},"loc":{"start":{"line":1,"column":52},"end":{"line":5,"column":null}},"line":1},"1":{"name":"(anonymous_1)","decl":{"start":{"line":3,"column":29},"end":{"line":3,"column":33}},"loc":{"start":{"line":3,"column":38},"end":{"line":3,"column":55}},"line":3}},"branchMap":{"0":{"loc":{"start":{"line":2,"column":2},"end":{"line":3,"column":null}},"type":"if","locations":[{"start":{"line":2,"column":2},"end":{"line":3,"column":null}},{"start":{},"end":{}}],"line":2},"1":{"loc":{"start":{"line":2,"column":6},"end":{"line":2,"column":59}},"type":"binary-expr","locations":[{"start":{"line":2,"column":6},"end":{"line":2,"column":27}},{"start":{"line":2,"column":27},"end":{"line":2,"column":59}}],"line":2},"2":{"loc":{"start":{"line":5,"column":9},"end":{"line":5,"column":null}},"type":"binary-expr","locations":[{"start":{"line":5,"column":9},"end":{"line":5,"column":27}},{"start":{"line":5,"column":27},"end":{"line":5,"column":null}}],"line":5}},"s":{"0":1,"1":0,"2":0,"3":0,"4":0},"f":{"0":0,"1":0},"b":{"0":[0,0],"1":[0,0],"2":[0,0]},"meta":{"lastBranch":3,"lastFunction":2,"lastStatement":5,"seen":{"s:1:13:5:Infinity":0,"f:1:13:1:39":0,"b:2:2:3:Infinity:undefined:undefined:undefined:undefined":0,"s:2:2:3:Infinity":1,"b:2:6:2:27:2:27:2:59":1,"s:3:4:3:Infinity":2,"f:3:29:3:33":1,"s:3:38:3:55":3,"s:5:2:5:Infinity":4,"b:5:9:5:27:5:27:5:Infinity":2},"fnNames":{}}}
}
